{"C:\\Users\\yuzo\\Downloads\\Nova pasta (4)\\labeddit-fs-backend\\src\\business\\CommentBusiness.ts": {"path":"C:\\Users\\yuzo\\Downloads\\Nova pasta (4)\\labeddit-fs-backend\\src\\business\\CommentBusiness.ts","statementMap":{"0":{"start":{"line":7,"column":0},"end":{"line":7,"column":55}},"1":{"start":{"line":8,"column":0},"end":{"line":8,"column":63}},"2":{"start":{"line":9,"column":0},"end":{"line":9,"column":57}},"3":{"start":{"line":10,"column":0},"end":{"line":10,"column":37}},"4":{"start":{"line":16,"column":12},"end":{"line":16,"column":44}},"5":{"start":{"line":17,"column":12},"end":{"line":17,"column":38}},"6":{"start":{"line":18,"column":12},"end":{"line":18,"column":38}},"7":{"start":{"line":19,"column":12},"end":{"line":19,"column":36}},"8":{"start":{"line":20,"column":12},"end":{"line":20,"column":38}},"9":{"start":{"line":23,"column":9},"end":{"line":68,"column":null}},"10":{"start":{"line":24,"column":76},"end":{"line":68,"column":null}},"11":{"start":{"line":26,"column":41},"end":{"line":26,"column":46}},"12":{"start":{"line":28,"column":22},"end":{"line":28,"column":57}},"13":{"start":{"line":29,"column":6},"end":{"line":31,"column":null}},"14":{"start":{"line":30,"column":8},"end":{"line":30,"column":null}},"15":{"start":{"line":33,"column":21},"end":{"line":33,"column":61}},"16":{"start":{"line":35,"column":6},"end":{"line":37,"column":null}},"17":{"start":{"line":36,"column":8},"end":{"line":36,"column":null}},"18":{"start":{"line":39,"column":17},"end":{"line":39,"column":44}},"19":{"start":{"line":41,"column":22},"end":{"line":48,"column":null}},"20":{"start":{"line":51,"column":6},"end":{"line":51,"column":null}},"21":{"start":{"line":53,"column":19},"end":{"line":60,"column":null}},"22":{"start":{"line":63,"column":6},"end":{"line":63,"column":null}},"23":{"start":{"line":64,"column":6},"end":{"line":64,"column":null}},"24":{"start":{"line":66,"column":45},"end":{"line":66,"column":54}},"25":{"start":{"line":67,"column":6},"end":{"line":67,"column":null}},"26":{"start":{"line":70,"column":9},"end":{"line":102,"column":null}},"27":{"start":{"line":71,"column":72},"end":{"line":102,"column":null}},"28":{"start":{"line":73,"column":32},"end":{"line":73,"column":37}},"29":{"start":{"line":75,"column":22},"end":{"line":75,"column":57}},"30":{"start":{"line":76,"column":6},"end":{"line":78,"column":null}},"31":{"start":{"line":77,"column":8},"end":{"line":77,"column":null}},"32":{"start":{"line":80,"column":25},"end":{"line":80,"column":75}},"33":{"start":{"line":82,"column":44},"end":{"line":82,"column":46}},"34":{"start":{"line":84,"column":6},"end":{"line":98,"column":null}},"35":{"start":{"line":85,"column":23},"end":{"line":85,"column":77}},"36":{"start":{"line":87,"column":24},"end":{"line":94,"column":null}},"37":{"start":{"line":97,"column":8},"end":{"line":97,"column":null}},"38":{"start":{"line":100,"column":43},"end":{"line":100,"column":56}},"39":{"start":{"line":101,"column":6},"end":{"line":101,"column":null}},"40":{"start":{"line":104,"column":9},"end":{"line":170,"column":null}},"41":{"start":{"line":105,"column":72},"end":{"line":170,"column":null}},"42":{"start":{"line":107,"column":41},"end":{"line":107,"column":46}},"43":{"start":{"line":109,"column":22},"end":{"line":109,"column":57}},"44":{"start":{"line":110,"column":6},"end":{"line":112,"column":null}},"45":{"start":{"line":111,"column":8},"end":{"line":111,"column":null}},"46":{"start":{"line":114,"column":24},"end":{"line":114,"column":70}},"47":{"start":{"line":116,"column":6},"end":{"line":118,"column":null}},"48":{"start":{"line":117,"column":8},"end":{"line":117,"column":null}},"49":{"start":{"line":120,"column":21},"end":{"line":120,"column":75}},"50":{"start":{"line":122,"column":22},"end":{"line":129,"column":null}},"51":{"start":{"line":132,"column":27},"end":{"line":132,"column":39}},"52":{"start":{"line":134,"column":28},"end":{"line":135,"column":47}},"53":{"start":{"line":137,"column":6},"end":{"line":166,"column":null}},"54":{"start":{"line":138,"column":8},"end":{"line":158,"column":null}},"55":{"start":{"line":139,"column":10},"end":{"line":147,"column":null}},"56":{"start":{"line":140,"column":12},"end":{"line":140,"column":null}},"57":{"start":{"line":141,"column":12},"end":{"line":141,"column":null}},"58":{"start":{"line":143,"column":12},"end":{"line":143,"column":null}},"59":{"start":{"line":144,"column":12},"end":{"line":144,"column":null}},"60":{"start":{"line":145,"column":12},"end":{"line":146,"column":null}},"61":{"start":{"line":150,"column":10},"end":{"line":157,"column":null}},"62":{"start":{"line":151,"column":12},"end":{"line":151,"column":null}},"63":{"start":{"line":152,"column":12},"end":{"line":152,"column":null}},"64":{"start":{"line":153,"column":12},"end":{"line":153,"column":null}},"65":{"start":{"line":155,"column":12},"end":{"line":155,"column":null}},"66":{"start":{"line":156,"column":12},"end":{"line":156,"column":null}},"67":{"start":{"line":160,"column":8},"end":{"line":160,"column":null}},"68":{"start":{"line":163,"column":8},"end":{"line":163,"column":null}},"69":{"start":{"line":164,"column":8},"end":{"line":164,"column":null}},"70":{"start":{"line":165,"column":8},"end":{"line":165,"column":null}},"71":{"start":{"line":168,"column":43},"end":{"line":168,"column":52}},"72":{"start":{"line":169,"column":6},"end":{"line":169,"column":null}},"73":{"start":{"line":14,"column":0},"end":{"line":14,"column":13}}},"fnMap":{"0":{"name":"(anonymous_7)","decl":{"start":{"line":15,"column":2},"end":{"line":15,"column":null}},"loc":{"start":{"line":20,"column":38},"end":{"line":21,"column":6}}},"1":{"name":"(anonymous_8)","decl":{"start":{"line":24,"column":4},"end":{"line":24,"column":11}},"loc":{"start":{"line":24,"column":76},"end":{"line":68,"column":null}}},"2":{"name":"(anonymous_9)","decl":{"start":{"line":24,"column":76},"end":{"line":24,"column":null}},"loc":{"start":{"line":24,"column":76},"end":{"line":68,"column":3}}},"3":{"name":"(anonymous_10)","decl":{"start":{"line":71,"column":4},"end":{"line":71,"column":11}},"loc":{"start":{"line":71,"column":72},"end":{"line":102,"column":null}}},"4":{"name":"(anonymous_11)","decl":{"start":{"line":71,"column":72},"end":{"line":71,"column":null}},"loc":{"start":{"line":71,"column":72},"end":{"line":102,"column":3}}},"5":{"name":"(anonymous_12)","decl":{"start":{"line":105,"column":4},"end":{"line":105,"column":11}},"loc":{"start":{"line":105,"column":72},"end":{"line":170,"column":null}}},"6":{"name":"(anonymous_13)","decl":{"start":{"line":105,"column":72},"end":{"line":105,"column":null}},"loc":{"start":{"line":105,"column":72},"end":{"line":170,"column":3}}}},"branchMap":{"0":{"loc":{"start":{"line":29,"column":6},"end":{"line":31,"column":null}},"type":"if","locations":[{"start":{"line":29,"column":6},"end":{"line":31,"column":null}}]},"1":{"loc":{"start":{"line":35,"column":6},"end":{"line":37,"column":null}},"type":"if","locations":[{"start":{"line":35,"column":6},"end":{"line":37,"column":null}}]},"2":{"loc":{"start":{"line":76,"column":6},"end":{"line":78,"column":null}},"type":"if","locations":[{"start":{"line":76,"column":6},"end":{"line":78,"column":null}}]},"3":{"loc":{"start":{"line":110,"column":6},"end":{"line":112,"column":null}},"type":"if","locations":[{"start":{"line":110,"column":6},"end":{"line":112,"column":null}}]},"4":{"loc":{"start":{"line":116,"column":6},"end":{"line":118,"column":null}},"type":"if","locations":[{"start":{"line":116,"column":6},"end":{"line":118,"column":null}}]},"5":{"loc":{"start":{"line":132,"column":27},"end":{"line":132,"column":39}},"type":"cond-expr","locations":[{"start":{"line":132,"column":34},"end":{"line":132,"column":35}},{"start":{"line":132,"column":38},"end":{"line":132,"column":39}}]},"6":{"loc":{"start":{"line":137,"column":6},"end":{"line":166,"column":null}},"type":"if","locations":[{"start":{"line":137,"column":6},"end":{"line":166,"column":null}},{"start":{"line":162,"column":13},"end":{"line":166,"column":null}}]},"7":{"loc":{"start":{"line":138,"column":8},"end":{"line":158,"column":null}},"type":"if","locations":[{"start":{"line":138,"column":8},"end":{"line":158,"column":null}},{"start":{"line":149,"column":15},"end":{"line":158,"column":null}}]},"8":{"loc":{"start":{"line":139,"column":10},"end":{"line":147,"column":null}},"type":"if","locations":[{"start":{"line":139,"column":10},"end":{"line":147,"column":null}},{"start":{"line":142,"column":17},"end":{"line":147,"column":null}}]},"9":{"loc":{"start":{"line":150,"column":10},"end":{"line":157,"column":null}},"type":"if","locations":[{"start":{"line":150,"column":10},"end":{"line":157,"column":null}},{"start":{"line":154,"column":17},"end":{"line":157,"column":null}}]},"10":{"loc":{"start":{"line":163,"column":8},"end":{"line":163,"column":74}},"type":"cond-expr","locations":[{"start":{"line":163,"column":15},"end":{"line":163,"column":43}},{"start":{"line":163,"column":46},"end":{"line":163,"column":74}}]}},"s":{"0":3,"1":3,"2":3,"3":3,"4":3,"5":3,"6":3,"7":3,"8":3,"9":3,"10":2,"11":2,"12":2,"13":2,"14":1,"15":1,"16":1,"17":0,"18":1,"19":1,"20":1,"21":1,"22":1,"23":1,"24":1,"25":1,"26":3,"27":1,"28":1,"29":1,"30":1,"31":0,"32":1,"33":1,"34":1,"35":1,"36":1,"37":1,"38":1,"39":1,"40":3,"41":2,"42":2,"43":2,"44":2,"45":1,"46":1,"47":1,"48":0,"49":1,"50":1,"51":1,"52":1,"53":1,"54":1,"55":0,"56":0,"57":0,"58":0,"59":0,"60":0,"61":1,"62":1,"63":1,"64":1,"65":0,"66":0,"67":1,"68":0,"69":0,"70":0,"71":1,"72":1,"73":3},"f":{"0":3,"1":2,"2":2,"3":1,"4":1,"5":2,"6":2},"b":{"0":[1],"1":[0],"2":[0],"3":[1],"4":[0],"5":[1,0],"6":[1,0],"7":[0,1],"8":[0,0],"9":[1,0],"10":[0,0]}}
,"C:\\Users\\yuzo\\Downloads\\Nova pasta (4)\\labeddit-fs-backend\\src\\business\\PostBusiness.ts": {"path":"C:\\Users\\yuzo\\Downloads\\Nova pasta (4)\\labeddit-fs-backend\\src\\business\\PostBusiness.ts","statementMap":{"0":{"start":{"line":7,"column":0},"end":{"line":7,"column":56}},"1":{"start":{"line":8,"column":0},"end":{"line":8,"column":64}},"2":{"start":{"line":9,"column":0},"end":{"line":9,"column":49}},"3":{"start":{"line":15,"column":12},"end":{"line":15,"column":38}},"4":{"start":{"line":16,"column":12},"end":{"line":16,"column":38}},"5":{"start":{"line":17,"column":12},"end":{"line":17,"column":36}},"6":{"start":{"line":18,"column":12},"end":{"line":18,"column":38}},"7":{"start":{"line":21,"column":9},"end":{"line":46,"column":null}},"8":{"start":{"line":22,"column":70},"end":{"line":46,"column":null}},"9":{"start":{"line":23,"column":33},"end":{"line":23,"column":38}},"10":{"start":{"line":25,"column":22},"end":{"line":25,"column":57}},"11":{"start":{"line":26,"column":6},"end":{"line":28,"column":null}},"12":{"start":{"line":27,"column":8},"end":{"line":27,"column":null}},"13":{"start":{"line":30,"column":17},"end":{"line":30,"column":44}},"14":{"start":{"line":32,"column":19},"end":{"line":39,"column":null}},"15":{"start":{"line":42,"column":6},"end":{"line":42,"column":null}},"16":{"start":{"line":44,"column":42},"end":{"line":44,"column":51}},"17":{"start":{"line":45,"column":6},"end":{"line":45,"column":null}},"18":{"start":{"line":48,"column":9},"end":{"line":80,"column":null}},"19":{"start":{"line":49,"column":66},"end":{"line":80,"column":null}},"20":{"start":{"line":51,"column":24},"end":{"line":51,"column":29}},"21":{"start":{"line":53,"column":22},"end":{"line":53,"column":57}},"22":{"start":{"line":54,"column":6},"end":{"line":56,"column":null}},"23":{"start":{"line":55,"column":8},"end":{"line":55,"column":null}},"24":{"start":{"line":58,"column":22},"end":{"line":58,"column":56}},"25":{"start":{"line":60,"column":38},"end":{"line":60,"column":40}},"26":{"start":{"line":62,"column":6},"end":{"line":76,"column":null}},"27":{"start":{"line":63,"column":23},"end":{"line":63,"column":74}},"28":{"start":{"line":65,"column":21},"end":{"line":72,"column":null}},"29":{"start":{"line":75,"column":8},"end":{"line":75,"column":null}},"30":{"start":{"line":78,"column":40},"end":{"line":78,"column":50}},"31":{"start":{"line":79,"column":6},"end":{"line":79,"column":null}},"32":{"start":{"line":82,"column":9},"end":{"line":112,"column":null}},"33":{"start":{"line":83,"column":72},"end":{"line":112,"column":null}},"34":{"start":{"line":85,"column":32},"end":{"line":85,"column":37}},"35":{"start":{"line":87,"column":22},"end":{"line":87,"column":57}},"36":{"start":{"line":88,"column":6},"end":{"line":90,"column":null}},"37":{"start":{"line":89,"column":8},"end":{"line":89,"column":null}},"38":{"start":{"line":92,"column":21},"end":{"line":92,"column":61}},"39":{"start":{"line":94,"column":6},"end":{"line":96,"column":null}},"40":{"start":{"line":95,"column":8},"end":{"line":95,"column":null}},"41":{"start":{"line":98,"column":21},"end":{"line":98,"column":72}},"42":{"start":{"line":100,"column":19},"end":{"line":107,"column":null}},"43":{"start":{"line":110,"column":43},"end":{"line":110,"column":65}},"44":{"start":{"line":111,"column":6},"end":{"line":111,"column":null}},"45":{"start":{"line":114,"column":9},"end":{"line":178,"column":null}},"46":{"start":{"line":115,"column":66},"end":{"line":178,"column":null}},"47":{"start":{"line":117,"column":38},"end":{"line":117,"column":43}},"48":{"start":{"line":119,"column":22},"end":{"line":119,"column":57}},"49":{"start":{"line":120,"column":6},"end":{"line":122,"column":null}},"50":{"start":{"line":121,"column":8},"end":{"line":121,"column":null}},"51":{"start":{"line":124,"column":21},"end":{"line":124,"column":61}},"52":{"start":{"line":126,"column":6},"end":{"line":128,"column":null}},"53":{"start":{"line":127,"column":8},"end":{"line":127,"column":null}},"54":{"start":{"line":130,"column":21},"end":{"line":130,"column":72}},"55":{"start":{"line":132,"column":19},"end":{"line":139,"column":null}},"56":{"start":{"line":142,"column":27},"end":{"line":142,"column":39}},"57":{"start":{"line":144,"column":25},"end":{"line":144,"column":81}},"58":{"start":{"line":146,"column":6},"end":{"line":174,"column":null}},"59":{"start":{"line":147,"column":8},"end":{"line":166,"column":null}},"60":{"start":{"line":148,"column":10},"end":{"line":155,"column":null}},"61":{"start":{"line":149,"column":12},"end":{"line":149,"column":null}},"62":{"start":{"line":150,"column":12},"end":{"line":150,"column":null}},"63":{"start":{"line":152,"column":12},"end":{"line":152,"column":null}},"64":{"start":{"line":153,"column":12},"end":{"line":153,"column":null}},"65":{"start":{"line":154,"column":12},"end":{"line":154,"column":null}},"66":{"start":{"line":158,"column":10},"end":{"line":165,"column":null}},"67":{"start":{"line":159,"column":12},"end":{"line":159,"column":null}},"68":{"start":{"line":160,"column":12},"end":{"line":160,"column":null}},"69":{"start":{"line":161,"column":12},"end":{"line":161,"column":null}},"70":{"start":{"line":163,"column":12},"end":{"line":163,"column":null}},"71":{"start":{"line":164,"column":12},"end":{"line":164,"column":null}},"72":{"start":{"line":168,"column":8},"end":{"line":168,"column":null}},"73":{"start":{"line":171,"column":8},"end":{"line":171,"column":null}},"74":{"start":{"line":172,"column":8},"end":{"line":172,"column":null}},"75":{"start":{"line":173,"column":8},"end":{"line":173,"column":null}},"76":{"start":{"line":176,"column":40},"end":{"line":176,"column":49}},"77":{"start":{"line":177,"column":6},"end":{"line":177,"column":null}},"78":{"start":{"line":13,"column":0},"end":{"line":13,"column":13}}},"fnMap":{"0":{"name":"(anonymous_7)","decl":{"start":{"line":14,"column":2},"end":{"line":14,"column":null}},"loc":{"start":{"line":18,"column":38},"end":{"line":19,"column":7}}},"1":{"name":"(anonymous_8)","decl":{"start":{"line":22,"column":4},"end":{"line":22,"column":11}},"loc":{"start":{"line":22,"column":70},"end":{"line":46,"column":null}}},"2":{"name":"(anonymous_9)","decl":{"start":{"line":22,"column":70},"end":{"line":22,"column":null}},"loc":{"start":{"line":22,"column":70},"end":{"line":46,"column":5}}},"3":{"name":"(anonymous_10)","decl":{"start":{"line":49,"column":4},"end":{"line":49,"column":11}},"loc":{"start":{"line":49,"column":66},"end":{"line":80,"column":null}}},"4":{"name":"(anonymous_11)","decl":{"start":{"line":49,"column":66},"end":{"line":49,"column":null}},"loc":{"start":{"line":49,"column":66},"end":{"line":80,"column":5}}},"5":{"name":"(anonymous_12)","decl":{"start":{"line":83,"column":4},"end":{"line":83,"column":11}},"loc":{"start":{"line":83,"column":72},"end":{"line":112,"column":null}}},"6":{"name":"(anonymous_13)","decl":{"start":{"line":83,"column":72},"end":{"line":83,"column":null}},"loc":{"start":{"line":83,"column":72},"end":{"line":112,"column":5}}},"7":{"name":"(anonymous_14)","decl":{"start":{"line":115,"column":4},"end":{"line":115,"column":11}},"loc":{"start":{"line":115,"column":66},"end":{"line":178,"column":null}}},"8":{"name":"(anonymous_15)","decl":{"start":{"line":115,"column":66},"end":{"line":115,"column":null}},"loc":{"start":{"line":115,"column":66},"end":{"line":178,"column":5}}}},"branchMap":{"0":{"loc":{"start":{"line":26,"column":6},"end":{"line":28,"column":null}},"type":"if","locations":[{"start":{"line":26,"column":6},"end":{"line":28,"column":null}}]},"1":{"loc":{"start":{"line":54,"column":6},"end":{"line":56,"column":null}},"type":"if","locations":[{"start":{"line":54,"column":6},"end":{"line":56,"column":null}}]},"2":{"loc":{"start":{"line":88,"column":6},"end":{"line":90,"column":null}},"type":"if","locations":[{"start":{"line":88,"column":6},"end":{"line":90,"column":null}}]},"3":{"loc":{"start":{"line":94,"column":6},"end":{"line":96,"column":null}},"type":"if","locations":[{"start":{"line":94,"column":6},"end":{"line":96,"column":null}}]},"4":{"loc":{"start":{"line":120,"column":6},"end":{"line":122,"column":null}},"type":"if","locations":[{"start":{"line":120,"column":6},"end":{"line":122,"column":null}}]},"5":{"loc":{"start":{"line":126,"column":6},"end":{"line":128,"column":null}},"type":"if","locations":[{"start":{"line":126,"column":6},"end":{"line":128,"column":null}}]},"6":{"loc":{"start":{"line":142,"column":27},"end":{"line":142,"column":39}},"type":"cond-expr","locations":[{"start":{"line":142,"column":34},"end":{"line":142,"column":35}},{"start":{"line":142,"column":38},"end":{"line":142,"column":39}}]},"7":{"loc":{"start":{"line":146,"column":6},"end":{"line":174,"column":null}},"type":"if","locations":[{"start":{"line":146,"column":6},"end":{"line":174,"column":null}},{"start":{"line":170,"column":13},"end":{"line":174,"column":null}}]},"8":{"loc":{"start":{"line":147,"column":8},"end":{"line":166,"column":null}},"type":"if","locations":[{"start":{"line":147,"column":8},"end":{"line":166,"column":null}},{"start":{"line":157,"column":15},"end":{"line":166,"column":null}}]},"9":{"loc":{"start":{"line":148,"column":10},"end":{"line":155,"column":null}},"type":"if","locations":[{"start":{"line":148,"column":10},"end":{"line":155,"column":null}},{"start":{"line":151,"column":17},"end":{"line":155,"column":null}}]},"10":{"loc":{"start":{"line":158,"column":10},"end":{"line":165,"column":null}},"type":"if","locations":[{"start":{"line":158,"column":10},"end":{"line":165,"column":null}},{"start":{"line":162,"column":17},"end":{"line":165,"column":null}}]},"11":{"loc":{"start":{"line":171,"column":8},"end":{"line":171,"column":68}},"type":"cond-expr","locations":[{"start":{"line":171,"column":15},"end":{"line":171,"column":40}},{"start":{"line":171,"column":43},"end":{"line":171,"column":68}}]}},"s":{"0":4,"1":4,"2":4,"3":4,"4":4,"5":4,"6":4,"7":4,"8":2,"9":2,"10":2,"11":2,"12":1,"13":1,"14":1,"15":1,"16":1,"17":1,"18":4,"19":1,"20":1,"21":1,"22":1,"23":0,"24":1,"25":1,"26":1,"27":1,"28":1,"29":1,"30":1,"31":1,"32":4,"33":1,"34":1,"35":1,"36":1,"37":0,"38":1,"39":1,"40":0,"41":1,"42":1,"43":1,"44":1,"45":4,"46":2,"47":2,"48":2,"49":2,"50":1,"51":1,"52":1,"53":0,"54":1,"55":1,"56":1,"57":1,"58":1,"59":1,"60":1,"61":1,"62":1,"63":0,"64":0,"65":0,"66":0,"67":0,"68":0,"69":0,"70":0,"71":0,"72":1,"73":0,"74":0,"75":0,"76":1,"77":1,"78":4},"f":{"0":4,"1":2,"2":2,"3":1,"4":1,"5":1,"6":1,"7":2,"8":2},"b":{"0":[1],"1":[0],"2":[0],"3":[0],"4":[1],"5":[0],"6":[1,0],"7":[1,0],"8":[1,0],"9":[1,0],"10":[0,0],"11":[0,0]}}
,"C:\\Users\\yuzo\\Downloads\\Nova pasta (4)\\labeddit-fs-backend\\src\\business\\UserBusiness.ts": {"path":"C:\\Users\\yuzo\\Downloads\\Nova pasta (4)\\labeddit-fs-backend\\src\\business\\UserBusiness.ts","statementMap":{"0":{"start":{"line":4,"column":0},"end":{"line":4,"column":60}},"1":{"start":{"line":5,"column":0},"end":{"line":5,"column":56}},"2":{"start":{"line":6,"column":0},"end":{"line":6,"column":56}},"3":{"start":{"line":7,"column":0},"end":{"line":7,"column":52}},"4":{"start":{"line":14,"column":12},"end":{"line":14,"column":38}},"5":{"start":{"line":15,"column":12},"end":{"line":15,"column":36}},"6":{"start":{"line":16,"column":12},"end":{"line":16,"column":38}},"7":{"start":{"line":17,"column":12},"end":{"line":17,"column":36}},"8":{"start":{"line":20,"column":9},"end":{"line":54,"column":null}},"9":{"start":{"line":20,"column":76},"end":{"line":54,"column":null}},"10":{"start":{"line":22,"column":42},"end":{"line":22,"column":47}},"11":{"start":{"line":24,"column":23},"end":{"line":24,"column":65}},"12":{"start":{"line":26,"column":4},"end":{"line":28,"column":null}},"13":{"start":{"line":27,"column":6},"end":{"line":27,"column":null}},"14":{"start":{"line":30,"column":15},"end":{"line":30,"column":42}},"15":{"start":{"line":31,"column":27},"end":{"line":31,"column":64}},"16":{"start":{"line":33,"column":17},"end":{"line":37,"column":null}},"17":{"start":{"line":40,"column":4},"end":{"line":40,"column":null}},"18":{"start":{"line":42,"column":34},"end":{"line":45,"column":null}},"19":{"start":{"line":47,"column":18},"end":{"line":47,"column":56}},"20":{"start":{"line":49,"column":36},"end":{"line":51,"column":null}},"21":{"start":{"line":53,"column":4},"end":{"line":53,"column":null}},"22":{"start":{"line":56,"column":9},"end":{"line":92,"column":null}},"23":{"start":{"line":56,"column":73},"end":{"line":92,"column":null}},"24":{"start":{"line":58,"column":32},"end":{"line":58,"column":37}},"25":{"start":{"line":60,"column":19},"end":{"line":60,"column":61}},"26":{"start":{"line":62,"column":4},"end":{"line":64,"column":null}},"27":{"start":{"line":63,"column":6},"end":{"line":63,"column":null}},"28":{"start":{"line":66,"column":17},"end":{"line":70,"column":null}},"29":{"start":{"line":73,"column":30},"end":{"line":74,"column":44}},"30":{"start":{"line":76,"column":4},"end":{"line":78,"column":null}},"31":{"start":{"line":77,"column":6},"end":{"line":77,"column":null}},"32":{"start":{"line":80,"column":34},"end":{"line":83,"column":null}},"33":{"start":{"line":85,"column":18},"end":{"line":85,"column":56}},"34":{"start":{"line":87,"column":35},"end":{"line":89,"column":null}},"35":{"start":{"line":91,"column":4},"end":{"line":91,"column":null}},"36":{"start":{"line":12,"column":0},"end":{"line":12,"column":13}}},"fnMap":{"0":{"name":"(anonymous_7)","decl":{"start":{"line":13,"column":2},"end":{"line":13,"column":null}},"loc":{"start":{"line":17,"column":36},"end":{"line":18,"column":6}}},"1":{"name":"(anonymous_8)","decl":{"start":{"line":20,"column":18},"end":{"line":20,"column":25}},"loc":{"start":{"line":20,"column":76},"end":{"line":54,"column":null}}},"2":{"name":"(anonymous_9)","decl":{"start":{"line":20,"column":76},"end":{"line":20,"column":null}},"loc":{"start":{"line":20,"column":76},"end":{"line":54,"column":3}}},"3":{"name":"(anonymous_10)","decl":{"start":{"line":56,"column":17},"end":{"line":56,"column":24}},"loc":{"start":{"line":56,"column":73},"end":{"line":92,"column":null}}},"4":{"name":"(anonymous_11)","decl":{"start":{"line":56,"column":73},"end":{"line":56,"column":null}},"loc":{"start":{"line":56,"column":73},"end":{"line":92,"column":3}}}},"branchMap":{"0":{"loc":{"start":{"line":26,"column":4},"end":{"line":28,"column":null}},"type":"if","locations":[{"start":{"line":26,"column":4},"end":{"line":28,"column":null}}]},"1":{"loc":{"start":{"line":62,"column":4},"end":{"line":64,"column":null}},"type":"if","locations":[{"start":{"line":62,"column":4},"end":{"line":64,"column":null}}]},"2":{"loc":{"start":{"line":76,"column":4},"end":{"line":78,"column":null}},"type":"if","locations":[{"start":{"line":76,"column":4},"end":{"line":78,"column":null}}]}},"s":{"0":2,"1":2,"2":2,"3":2,"4":2,"5":2,"6":2,"7":2,"8":2,"9":2,"10":2,"11":2,"12":2,"13":1,"14":1,"15":1,"16":1,"17":1,"18":1,"19":1,"20":1,"21":1,"22":2,"23":1,"24":1,"25":1,"26":1,"27":0,"28":1,"29":1,"30":1,"31":0,"32":1,"33":1,"34":1,"35":1,"36":2},"f":{"0":2,"1":2,"2":2,"3":1,"4":1},"b":{"0":[1],"1":[0],"2":[0]}}
,"C:\\Users\\yuzo\\Downloads\\Nova pasta (4)\\labeddit-fs-backend\\src\\database\\BaseDatabase.ts": {"path":"C:\\Users\\yuzo\\Downloads\\Nova pasta (4)\\labeddit-fs-backend\\src\\database\\BaseDatabase.ts","statementMap":{"0":{"start":{"line":1,"column":0},"end":{"line":1,"column":27}},"1":{"start":{"line":2,"column":0},"end":{"line":2,"column":27}},"2":{"start":{"line":4,"column":0},"end":{"line":4,"column":null}},"3":{"start":{"line":6,"column":0},"end":{"line":6,"column":22}},"4":{"start":{"line":7,"column":21},"end":{"line":20,"column":null}},"5":{"start":{"line":17,"column":16},"end":{"line":17,"column":null}}},"fnMap":{"0":{"name":"(anonymous_1)","decl":{"start":{"line":16,"column":25},"end":{"line":16,"column":26}},"loc":{"start":{"line":16,"column":48},"end":{"line":18,"column":13}}}},"branchMap":{},"s":{"0":9,"1":9,"2":9,"3":9,"4":9,"5":0},"f":{"0":0},"b":{}}
,"C:\\Users\\yuzo\\Downloads\\Nova pasta (4)\\labeddit-fs-backend\\src\\dtos\\comment\\createComment.dto.ts": {"path":"C:\\Users\\yuzo\\Downloads\\Nova pasta (4)\\labeddit-fs-backend\\src\\dtos\\comment\\createComment.dto.ts","statementMap":{"0":{"start":{"line":1,"column":0},"end":{"line":1,"column":19}},"1":{"start":{"line":11,"column":13},"end":{"line":15,"column":null}},"2":{"start":{"line":15,"column":21},"end":{"line":15,"column":50}}},"fnMap":{"0":{"name":"(anonymous_1)","decl":{"start":{"line":15,"column":13},"end":{"line":15,"column":17}},"loc":{"start":{"line":15,"column":21},"end":{"line":15,"column":50}}}},"branchMap":{},"s":{"0":1,"1":1,"2":2},"f":{"0":2},"b":{}}
,"C:\\Users\\yuzo\\Downloads\\Nova pasta (4)\\labeddit-fs-backend\\src\\dtos\\comment\\getComments.dto.ts": {"path":"C:\\Users\\yuzo\\Downloads\\Nova pasta (4)\\labeddit-fs-backend\\src\\dtos\\comment\\getComments.dto.ts","statementMap":{"0":{"start":{"line":1,"column":0},"end":{"line":1,"column":19}},"1":{"start":{"line":11,"column":13},"end":{"line":14,"column":null}},"2":{"start":{"line":14,"column":21},"end":{"line":14,"column":48}}},"fnMap":{"0":{"name":"(anonymous_1)","decl":{"start":{"line":14,"column":13},"end":{"line":14,"column":17}},"loc":{"start":{"line":14,"column":21},"end":{"line":14,"column":48}}}},"branchMap":{},"s":{"0":1,"1":1,"2":1},"f":{"0":1},"b":{}}
,"C:\\Users\\yuzo\\Downloads\\Nova pasta (4)\\labeddit-fs-backend\\src\\dtos\\comment\\voteComment.dto.ts": {"path":"C:\\Users\\yuzo\\Downloads\\Nova pasta (4)\\labeddit-fs-backend\\src\\dtos\\comment\\voteComment.dto.ts","statementMap":{"0":{"start":{"line":1,"column":0},"end":{"line":1,"column":19}},"1":{"start":{"line":11,"column":13},"end":{"line":15,"column":null}},"2":{"start":{"line":15,"column":21},"end":{"line":15,"column":48}}},"fnMap":{"0":{"name":"(anonymous_1)","decl":{"start":{"line":15,"column":13},"end":{"line":15,"column":17}},"loc":{"start":{"line":15,"column":21},"end":{"line":15,"column":48}}}},"branchMap":{},"s":{"0":1,"1":1,"2":2},"f":{"0":2},"b":{}}
,"C:\\Users\\yuzo\\Downloads\\Nova pasta (4)\\labeddit-fs-backend\\src\\dtos\\post\\createPost.dto.ts": {"path":"C:\\Users\\yuzo\\Downloads\\Nova pasta (4)\\labeddit-fs-backend\\src\\dtos\\post\\createPost.dto.ts","statementMap":{"0":{"start":{"line":1,"column":0},"end":{"line":1,"column":19}},"1":{"start":{"line":10,"column":13},"end":{"line":13,"column":null}},"2":{"start":{"line":13,"column":21},"end":{"line":13,"column":47}}},"fnMap":{"0":{"name":"(anonymous_1)","decl":{"start":{"line":13,"column":13},"end":{"line":13,"column":17}},"loc":{"start":{"line":13,"column":21},"end":{"line":13,"column":47}}}},"branchMap":{},"s":{"0":1,"1":1,"2":2},"f":{"0":2},"b":{}}
,"C:\\Users\\yuzo\\Downloads\\Nova pasta (4)\\labeddit-fs-backend\\src\\dtos\\post\\getPostById.dto.ts": {"path":"C:\\Users\\yuzo\\Downloads\\Nova pasta (4)\\labeddit-fs-backend\\src\\dtos\\post\\getPostById.dto.ts","statementMap":{"0":{"start":{"line":1,"column":0},"end":{"line":1,"column":19}},"1":{"start":{"line":11,"column":13},"end":{"line":14,"column":null}},"2":{"start":{"line":14,"column":21},"end":{"line":14,"column":48}}},"fnMap":{"0":{"name":"(anonymous_1)","decl":{"start":{"line":14,"column":13},"end":{"line":14,"column":17}},"loc":{"start":{"line":14,"column":21},"end":{"line":14,"column":48}}}},"branchMap":{},"s":{"0":1,"1":1,"2":1},"f":{"0":1},"b":{}}
,"C:\\Users\\yuzo\\Downloads\\Nova pasta (4)\\labeddit-fs-backend\\src\\dtos\\post\\getPosts.dto.ts": {"path":"C:\\Users\\yuzo\\Downloads\\Nova pasta (4)\\labeddit-fs-backend\\src\\dtos\\post\\getPosts.dto.ts","statementMap":{"0":{"start":{"line":1,"column":0},"end":{"line":1,"column":19}},"1":{"start":{"line":10,"column":13},"end":{"line":12,"column":null}},"2":{"start":{"line":12,"column":21},"end":{"line":12,"column":45}}},"fnMap":{"0":{"name":"(anonymous_1)","decl":{"start":{"line":12,"column":13},"end":{"line":12,"column":17}},"loc":{"start":{"line":12,"column":21},"end":{"line":12,"column":45}}}},"branchMap":{},"s":{"0":1,"1":1,"2":1},"f":{"0":1},"b":{}}
,"C:\\Users\\yuzo\\Downloads\\Nova pasta (4)\\labeddit-fs-backend\\src\\dtos\\post\\votePost.dto.ts": {"path":"C:\\Users\\yuzo\\Downloads\\Nova pasta (4)\\labeddit-fs-backend\\src\\dtos\\post\\votePost.dto.ts","statementMap":{"0":{"start":{"line":1,"column":0},"end":{"line":1,"column":19}},"1":{"start":{"line":11,"column":13},"end":{"line":15,"column":null}},"2":{"start":{"line":15,"column":21},"end":{"line":15,"column":45}}},"fnMap":{"0":{"name":"(anonymous_1)","decl":{"start":{"line":15,"column":13},"end":{"line":15,"column":17}},"loc":{"start":{"line":15,"column":21},"end":{"line":15,"column":45}}}},"branchMap":{},"s":{"0":1,"1":1,"2":2},"f":{"0":2},"b":{}}
,"C:\\Users\\yuzo\\Downloads\\Nova pasta (4)\\labeddit-fs-backend\\src\\dtos\\user\\login.dto.ts": {"path":"C:\\Users\\yuzo\\Downloads\\Nova pasta (4)\\labeddit-fs-backend\\src\\dtos\\user\\login.dto.ts","statementMap":{"0":{"start":{"line":1,"column":0},"end":{"line":1,"column":19}},"1":{"start":{"line":12,"column":13},"end":{"line":15,"column":null}},"2":{"start":{"line":15,"column":21},"end":{"line":15,"column":42}}},"fnMap":{"0":{"name":"(anonymous_1)","decl":{"start":{"line":15,"column":13},"end":{"line":15,"column":17}},"loc":{"start":{"line":15,"column":21},"end":{"line":15,"column":42}}}},"branchMap":{},"s":{"0":1,"1":1,"2":1},"f":{"0":1},"b":{}}
,"C:\\Users\\yuzo\\Downloads\\Nova pasta (4)\\labeddit-fs-backend\\src\\dtos\\user\\signup.dto.ts": {"path":"C:\\Users\\yuzo\\Downloads\\Nova pasta (4)\\labeddit-fs-backend\\src\\dtos\\user\\signup.dto.ts","statementMap":{"0":{"start":{"line":1,"column":0},"end":{"line":1,"column":19}},"1":{"start":{"line":13,"column":13},"end":{"line":17,"column":null}},"2":{"start":{"line":17,"column":21},"end":{"line":17,"column":43}}},"fnMap":{"0":{"name":"(anonymous_1)","decl":{"start":{"line":17,"column":13},"end":{"line":17,"column":17}},"loc":{"start":{"line":17,"column":21},"end":{"line":17,"column":43}}}},"branchMap":{},"s":{"0":1,"1":1,"2":2},"f":{"0":2},"b":{}}
,"C:\\Users\\yuzo\\Downloads\\Nova pasta (4)\\labeddit-fs-backend\\src\\errors\\BadRequestError.ts": {"path":"C:\\Users\\yuzo\\Downloads\\Nova pasta (4)\\labeddit-fs-backend\\src\\errors\\BadRequestError.ts","statementMap":{"0":{"start":{"line":1,"column":0},"end":{"line":1,"column":40}},"1":{"start":{"line":7,"column":8},"end":{"line":7,"column":null}},"2":{"start":{"line":3,"column":0},"end":{"line":3,"column":13}}},"fnMap":{"0":{"name":"(anonymous_0)","decl":{"start":{"line":4,"column":4},"end":{"line":4,"column":null}},"loc":{"start":{"line":5,"column":47},"end":{"line":8,"column":5}}}},"branchMap":{"0":{"loc":{"start":{"line":5,"column":8},"end":{"line":5,"column":47}},"type":"default-arg","locations":[{"start":{"line":5,"column":26},"end":{"line":5,"column":47}}]}},"s":{"0":2,"1":0,"2":2},"f":{"0":0},"b":{"0":[0]}}
,"C:\\Users\\yuzo\\Downloads\\Nova pasta (4)\\labeddit-fs-backend\\src\\errors\\BaseError.ts": {"path":"C:\\Users\\yuzo\\Downloads\\Nova pasta (4)\\labeddit-fs-backend\\src\\errors\\BaseError.ts","statementMap":{"0":{"start":{"line":6,"column":6},"end":{"line":6,"column":null}},"1":{"start":{"line":3,"column":13},"end":{"line":3,"column":31}},"2":{"start":{"line":1,"column":0},"end":{"line":1,"column":22}}},"fnMap":{"0":{"name":"(anonymous_0)","decl":{"start":{"line":2,"column":2},"end":{"line":2,"column":null}},"loc":{"start":{"line":4,"column":21},"end":{"line":7,"column":3}}}},"branchMap":{},"s":{"0":5,"1":5,"2":9},"f":{"0":5},"b":{}}
,"C:\\Users\\yuzo\\Downloads\\Nova pasta (4)\\labeddit-fs-backend\\src\\errors\\ConflictError.ts": {"path":"C:\\Users\\yuzo\\Downloads\\Nova pasta (4)\\labeddit-fs-backend\\src\\errors\\ConflictError.ts","statementMap":{"0":{"start":{"line":1,"column":0},"end":{"line":1,"column":40}},"1":{"start":{"line":7,"column":8},"end":{"line":7,"column":null}},"2":{"start":{"line":3,"column":0},"end":{"line":3,"column":13}}},"fnMap":{"0":{"name":"(anonymous_0)","decl":{"start":{"line":4,"column":4},"end":{"line":4,"column":null}},"loc":{"start":{"line":5,"column":71},"end":{"line":8,"column":5}}}},"branchMap":{"0":{"loc":{"start":{"line":5,"column":8},"end":{"line":5,"column":71}},"type":"default-arg","locations":[{"start":{"line":5,"column":26},"end":{"line":5,"column":71}}]}},"s":{"0":2,"1":1,"2":2},"f":{"0":1},"b":{"0":[0]}}
,"C:\\Users\\yuzo\\Downloads\\Nova pasta (4)\\labeddit-fs-backend\\src\\errors\\NotFoundError.ts": {"path":"C:\\Users\\yuzo\\Downloads\\Nova pasta (4)\\labeddit-fs-backend\\src\\errors\\NotFoundError.ts","statementMap":{"0":{"start":{"line":1,"column":0},"end":{"line":1,"column":40}},"1":{"start":{"line":7,"column":8},"end":{"line":7,"column":null}},"2":{"start":{"line":3,"column":0},"end":{"line":3,"column":13}}},"fnMap":{"0":{"name":"(anonymous_0)","decl":{"start":{"line":4,"column":4},"end":{"line":4,"column":null}},"loc":{"start":{"line":5,"column":50},"end":{"line":8,"column":5}}}},"branchMap":{"0":{"loc":{"start":{"line":5,"column":8},"end":{"line":5,"column":50}},"type":"default-arg","locations":[{"start":{"line":5,"column":26},"end":{"line":5,"column":50}}]}},"s":{"0":9,"1":0,"2":9},"f":{"0":0},"b":{"0":[0]}}
,"C:\\Users\\yuzo\\Downloads\\Nova pasta (4)\\labeddit-fs-backend\\src\\errors\\UnauthorizedError.ts": {"path":"C:\\Users\\yuzo\\Downloads\\Nova pasta (4)\\labeddit-fs-backend\\src\\errors\\UnauthorizedError.ts","statementMap":{"0":{"start":{"line":1,"column":0},"end":{"line":1,"column":40}},"1":{"start":{"line":7,"column":8},"end":{"line":7,"column":null}},"2":{"start":{"line":3,"column":0},"end":{"line":3,"column":13}}},"fnMap":{"0":{"name":"(anonymous_0)","decl":{"start":{"line":4,"column":4},"end":{"line":4,"column":null}},"loc":{"start":{"line":5,"column":42},"end":{"line":8,"column":5}}}},"branchMap":{"0":{"loc":{"start":{"line":5,"column":8},"end":{"line":5,"column":42}},"type":"default-arg","locations":[{"start":{"line":5,"column":26},"end":{"line":5,"column":42}}]}},"s":{"0":7,"1":4,"2":7},"f":{"0":4},"b":{"0":[0]}}
,"C:\\Users\\yuzo\\Downloads\\Nova pasta (4)\\labeddit-fs-backend\\src\\models\\Comment.ts": {"path":"C:\\Users\\yuzo\\Downloads\\Nova pasta (4)\\labeddit-fs-backend\\src\\models\\Comment.ts","statementMap":{"0":{"start":{"line":30,"column":12},"end":{"line":30,"column":22}},"1":{"start":{"line":31,"column":12},"end":{"line":31,"column":26}},"2":{"start":{"line":32,"column":12},"end":{"line":32,"column":27}},"3":{"start":{"line":33,"column":12},"end":{"line":33,"column":30}},"4":{"start":{"line":34,"column":12},"end":{"line":34,"column":29}},"5":{"start":{"line":35,"column":12},"end":{"line":35,"column":29}},"6":{"start":{"line":36,"column":12},"end":{"line":36,"column":35}},"7":{"start":{"line":40,"column":6},"end":{"line":40,"column":null}},"8":{"start":{"line":44,"column":6},"end":{"line":44,"column":null}},"9":{"start":{"line":48,"column":6},"end":{"line":48,"column":null}},"10":{"start":{"line":52,"column":6},"end":{"line":52,"column":null}},"11":{"start":{"line":56,"column":6},"end":{"line":56,"column":null}},"12":{"start":{"line":60,"column":6},"end":{"line":60,"column":null}},"13":{"start":{"line":64,"column":6},"end":{"line":64,"column":null}},"14":{"start":{"line":68,"column":6},"end":{"line":68,"column":null}},"15":{"start":{"line":72,"column":6},"end":{"line":72,"column":null}},"16":{"start":{"line":76,"column":6},"end":{"line":76,"column":null}},"17":{"start":{"line":80,"column":6},"end":{"line":80,"column":null}},"18":{"start":{"line":84,"column":6},"end":{"line":84,"column":null}},"19":{"start":{"line":88,"column":6},"end":{"line":88,"column":null}},"20":{"start":{"line":92,"column":6},"end":{"line":92,"column":null}},"21":{"start":{"line":96,"column":6},"end":{"line":96,"column":null}},"22":{"start":{"line":100,"column":6},"end":{"line":100,"column":null}},"23":{"start":{"line":104,"column":6},"end":{"line":111,"column":null}},"24":{"start":{"line":115,"column":6},"end":{"line":125,"column":null}},"25":{"start":{"line":28,"column":0},"end":{"line":28,"column":13}}},"fnMap":{"0":{"name":"(anonymous_0)","decl":{"start":{"line":29,"column":2},"end":{"line":29,"column":null}},"loc":{"start":{"line":36,"column":35},"end":{"line":37,"column":6}}},"1":{"name":"(anonymous_1)","decl":{"start":{"line":39,"column":11},"end":{"line":39,"column":16}},"loc":{"start":{"line":39,"column":16},"end":{"line":41,"column":5}}},"2":{"name":"(anonymous_2)","decl":{"start":{"line":43,"column":11},"end":{"line":43,"column":16}},"loc":{"start":{"line":43,"column":30},"end":{"line":45,"column":5}}},"3":{"name":"(anonymous_3)","decl":{"start":{"line":47,"column":11},"end":{"line":47,"column":20}},"loc":{"start":{"line":47,"column":20},"end":{"line":49,"column":5}}},"4":{"name":"(anonymous_4)","decl":{"start":{"line":51,"column":11},"end":{"line":51,"column":20}},"loc":{"start":{"line":51,"column":34},"end":{"line":53,"column":5}}},"5":{"name":"(anonymous_5)","decl":{"start":{"line":55,"column":11},"end":{"line":55,"column":21}},"loc":{"start":{"line":55,"column":21},"end":{"line":57,"column":5}}},"6":{"name":"(anonymous_6)","decl":{"start":{"line":59,"column":11},"end":{"line":59,"column":21}},"loc":{"start":{"line":59,"column":35},"end":{"line":61,"column":5}}},"7":{"name":"(anonymous_7)","decl":{"start":{"line":63,"column":11},"end":{"line":63,"column":24}},"loc":{"start":{"line":63,"column":24},"end":{"line":65,"column":5}}},"8":{"name":"(anonymous_8)","decl":{"start":{"line":67,"column":11},"end":{"line":67,"column":24}},"loc":{"start":{"line":67,"column":38},"end":{"line":69,"column":5}}},"9":{"name":"(anonymous_9)","decl":{"start":{"line":71,"column":11},"end":{"line":71,"column":29}},"loc":{"start":{"line":71,"column":29},"end":{"line":73,"column":5}}},"10":{"name":"(anonymous_10)","decl":{"start":{"line":75,"column":11},"end":{"line":75,"column":29}},"loc":{"start":{"line":75,"column":29},"end":{"line":77,"column":5}}},"11":{"name":"(anonymous_11)","decl":{"start":{"line":79,"column":11},"end":{"line":79,"column":23}},"loc":{"start":{"line":79,"column":23},"end":{"line":81,"column":5}}},"12":{"name":"(anonymous_12)","decl":{"start":{"line":83,"column":11},"end":{"line":83,"column":23}},"loc":{"start":{"line":83,"column":37},"end":{"line":85,"column":5}}},"13":{"name":"(anonymous_13)","decl":{"start":{"line":87,"column":11},"end":{"line":87,"column":23}},"loc":{"start":{"line":87,"column":23},"end":{"line":89,"column":5}}},"14":{"name":"(anonymous_14)","decl":{"start":{"line":91,"column":11},"end":{"line":91,"column":23}},"loc":{"start":{"line":91,"column":37},"end":{"line":93,"column":5}}},"15":{"name":"(anonymous_15)","decl":{"start":{"line":95,"column":11},"end":{"line":95,"column":29}},"loc":{"start":{"line":95,"column":29},"end":{"line":97,"column":5}}},"16":{"name":"(anonymous_16)","decl":{"start":{"line":99,"column":11},"end":{"line":99,"column":29}},"loc":{"start":{"line":99,"column":43},"end":{"line":101,"column":5}}},"17":{"name":"(anonymous_17)","decl":{"start":{"line":103,"column":11},"end":{"line":103,"column":20}},"loc":{"start":{"line":103,"column":20},"end":{"line":112,"column":5}}},"18":{"name":"(anonymous_18)","decl":{"start":{"line":114,"column":11},"end":{"line":114,"column":26}},"loc":{"start":{"line":114,"column":26},"end":{"line":126,"column":5}}}},"branchMap":{},"s":{"0":3,"1":3,"2":3,"3":3,"4":3,"5":3,"6":3,"7":0,"8":0,"9":0,"10":0,"11":0,"12":0,"13":0,"14":0,"15":2,"16":0,"17":0,"18":0,"19":0,"20":0,"21":0,"22":0,"23":2,"24":1,"25":3},"f":{"0":3,"1":0,"2":0,"3":0,"4":0,"5":0,"6":0,"7":0,"8":0,"9":2,"10":0,"11":0,"12":0,"13":0,"14":0,"15":0,"16":0,"17":2,"18":1},"b":{}}
,"C:\\Users\\yuzo\\Downloads\\Nova pasta (4)\\labeddit-fs-backend\\src\\models\\Post.ts": {"path":"C:\\Users\\yuzo\\Downloads\\Nova pasta (4)\\labeddit-fs-backend\\src\\models\\Post.ts","statementMap":{"0":{"start":{"line":30,"column":12},"end":{"line":30,"column":22}},"1":{"start":{"line":31,"column":12},"end":{"line":31,"column":27}},"2":{"start":{"line":32,"column":12},"end":{"line":32,"column":30}},"3":{"start":{"line":33,"column":12},"end":{"line":33,"column":33}},"4":{"start":{"line":34,"column":12},"end":{"line":34,"column":29}},"5":{"start":{"line":35,"column":12},"end":{"line":35,"column":29}},"6":{"start":{"line":36,"column":12},"end":{"line":36,"column":35}},"7":{"start":{"line":40,"column":6},"end":{"line":40,"column":null}},"8":{"start":{"line":44,"column":6},"end":{"line":44,"column":null}},"9":{"start":{"line":48,"column":6},"end":{"line":48,"column":null}},"10":{"start":{"line":52,"column":6},"end":{"line":52,"column":null}},"11":{"start":{"line":56,"column":6},"end":{"line":56,"column":null}},"12":{"start":{"line":60,"column":6},"end":{"line":60,"column":null}},"13":{"start":{"line":64,"column":6},"end":{"line":64,"column":null}},"14":{"start":{"line":68,"column":6},"end":{"line":68,"column":null}},"15":{"start":{"line":72,"column":6},"end":{"line":72,"column":null}},"16":{"start":{"line":76,"column":6},"end":{"line":76,"column":null}},"17":{"start":{"line":80,"column":6},"end":{"line":80,"column":null}},"18":{"start":{"line":84,"column":6},"end":{"line":84,"column":null}},"19":{"start":{"line":88,"column":6},"end":{"line":88,"column":null}},"20":{"start":{"line":92,"column":6},"end":{"line":92,"column":null}},"21":{"start":{"line":96,"column":6},"end":{"line":96,"column":null}},"22":{"start":{"line":100,"column":6},"end":{"line":100,"column":null}},"23":{"start":{"line":104,"column":6},"end":{"line":104,"column":null}},"24":{"start":{"line":108,"column":6},"end":{"line":108,"column":null}},"25":{"start":{"line":112,"column":6},"end":{"line":119,"column":null}},"26":{"start":{"line":123,"column":6},"end":{"line":133,"column":null}},"27":{"start":{"line":28,"column":0},"end":{"line":28,"column":13}}},"fnMap":{"0":{"name":"(anonymous_0)","decl":{"start":{"line":29,"column":2},"end":{"line":29,"column":null}},"loc":{"start":{"line":36,"column":35},"end":{"line":37,"column":6}}},"1":{"name":"(anonymous_1)","decl":{"start":{"line":39,"column":11},"end":{"line":39,"column":16}},"loc":{"start":{"line":39,"column":16},"end":{"line":41,"column":5}}},"2":{"name":"(anonymous_2)","decl":{"start":{"line":43,"column":11},"end":{"line":43,"column":16}},"loc":{"start":{"line":43,"column":30},"end":{"line":45,"column":5}}},"3":{"name":"(anonymous_3)","decl":{"start":{"line":47,"column":11},"end":{"line":47,"column":21}},"loc":{"start":{"line":47,"column":21},"end":{"line":49,"column":5}}},"4":{"name":"(anonymous_4)","decl":{"start":{"line":51,"column":11},"end":{"line":51,"column":21}},"loc":{"start":{"line":51,"column":35},"end":{"line":53,"column":5}}},"5":{"name":"(anonymous_5)","decl":{"start":{"line":55,"column":11},"end":{"line":55,"column":24}},"loc":{"start":{"line":55,"column":24},"end":{"line":57,"column":5}}},"6":{"name":"(anonymous_6)","decl":{"start":{"line":59,"column":11},"end":{"line":59,"column":24}},"loc":{"start":{"line":59,"column":38},"end":{"line":61,"column":5}}},"7":{"name":"(anonymous_7)","decl":{"start":{"line":63,"column":11},"end":{"line":63,"column":27}},"loc":{"start":{"line":63,"column":27},"end":{"line":65,"column":5}}},"8":{"name":"(anonymous_8)","decl":{"start":{"line":67,"column":11},"end":{"line":67,"column":27}},"loc":{"start":{"line":67,"column":41},"end":{"line":69,"column":5}}},"9":{"name":"(anonymous_9)","decl":{"start":{"line":71,"column":11},"end":{"line":71,"column":29}},"loc":{"start":{"line":71,"column":29},"end":{"line":73,"column":5}}},"10":{"name":"(anonymous_10)","decl":{"start":{"line":75,"column":11},"end":{"line":75,"column":29}},"loc":{"start":{"line":75,"column":29},"end":{"line":77,"column":5}}},"11":{"name":"(anonymous_11)","decl":{"start":{"line":79,"column":11},"end":{"line":79,"column":32}},"loc":{"start":{"line":79,"column":32},"end":{"line":81,"column":5}}},"12":{"name":"(anonymous_12)","decl":{"start":{"line":83,"column":11},"end":{"line":83,"column":32}},"loc":{"start":{"line":83,"column":32},"end":{"line":85,"column":5}}},"13":{"name":"(anonymous_13)","decl":{"start":{"line":87,"column":11},"end":{"line":87,"column":23}},"loc":{"start":{"line":87,"column":23},"end":{"line":89,"column":5}}},"14":{"name":"(anonymous_14)","decl":{"start":{"line":91,"column":11},"end":{"line":91,"column":23}},"loc":{"start":{"line":91,"column":37},"end":{"line":93,"column":5}}},"15":{"name":"(anonymous_15)","decl":{"start":{"line":95,"column":11},"end":{"line":95,"column":23}},"loc":{"start":{"line":95,"column":23},"end":{"line":97,"column":5}}},"16":{"name":"(anonymous_16)","decl":{"start":{"line":99,"column":11},"end":{"line":99,"column":23}},"loc":{"start":{"line":99,"column":37},"end":{"line":101,"column":5}}},"17":{"name":"(anonymous_17)","decl":{"start":{"line":103,"column":11},"end":{"line":103,"column":29}},"loc":{"start":{"line":103,"column":29},"end":{"line":105,"column":5}}},"18":{"name":"(anonymous_18)","decl":{"start":{"line":107,"column":11},"end":{"line":107,"column":29}},"loc":{"start":{"line":107,"column":43},"end":{"line":109,"column":5}}},"19":{"name":"(anonymous_19)","decl":{"start":{"line":111,"column":11},"end":{"line":111,"column":20}},"loc":{"start":{"line":111,"column":20},"end":{"line":120,"column":5}}},"20":{"name":"(anonymous_20)","decl":{"start":{"line":122,"column":11},"end":{"line":122,"column":26}},"loc":{"start":{"line":122,"column":26},"end":{"line":134,"column":5}}}},"branchMap":{},"s":{"0":5,"1":5,"2":5,"3":5,"4":5,"5":5,"6":5,"7":0,"8":0,"9":0,"10":0,"11":0,"12":0,"13":0,"14":0,"15":0,"16":1,"17":1,"18":0,"19":0,"20":0,"21":0,"22":0,"23":0,"24":0,"25":3,"26":2,"27":7},"f":{"0":5,"1":0,"2":0,"3":0,"4":0,"5":0,"6":0,"7":0,"8":0,"9":0,"10":1,"11":1,"12":0,"13":0,"14":0,"15":0,"16":0,"17":0,"18":0,"19":3,"20":2},"b":{}}
,"C:\\Users\\yuzo\\Downloads\\Nova pasta (4)\\labeddit-fs-backend\\src\\models\\User.ts": {"path":"C:\\Users\\yuzo\\Downloads\\Nova pasta (4)\\labeddit-fs-backend\\src\\models\\User.ts","statementMap":{"0":{"start":{"line":15,"column":12},"end":{"line":15,"column":22}},"1":{"start":{"line":16,"column":12},"end":{"line":16,"column":28}},"2":{"start":{"line":17,"column":12},"end":{"line":17,"column":25}},"3":{"start":{"line":18,"column":12},"end":{"line":18,"column":28}},"4":{"start":{"line":22,"column":4},"end":{"line":22,"column":null}},"5":{"start":{"line":26,"column":4},"end":{"line":26,"column":null}},"6":{"start":{"line":30,"column":4},"end":{"line":30,"column":null}},"7":{"start":{"line":34,"column":4},"end":{"line":34,"column":null}},"8":{"start":{"line":38,"column":4},"end":{"line":38,"column":null}},"9":{"start":{"line":42,"column":4},"end":{"line":42,"column":null}},"10":{"start":{"line":46,"column":4},"end":{"line":46,"column":null}},"11":{"start":{"line":50,"column":4},"end":{"line":50,"column":null}},"12":{"start":{"line":54,"column":4},"end":{"line":59,"column":null}},"13":{"start":{"line":13,"column":0},"end":{"line":13,"column":13}}},"fnMap":{"0":{"name":"(anonymous_0)","decl":{"start":{"line":14,"column":2},"end":{"line":14,"column":null}},"loc":{"start":{"line":18,"column":28},"end":{"line":19,"column":6}}},"1":{"name":"(anonymous_1)","decl":{"start":{"line":21,"column":9},"end":{"line":21,"column":14}},"loc":{"start":{"line":21,"column":14},"end":{"line":23,"column":3}}},"2":{"name":"(anonymous_2)","decl":{"start":{"line":25,"column":9},"end":{"line":25,"column":14}},"loc":{"start":{"line":25,"column":28},"end":{"line":27,"column":3}}},"3":{"name":"(anonymous_3)","decl":{"start":{"line":29,"column":9},"end":{"line":29,"column":20}},"loc":{"start":{"line":29,"column":20},"end":{"line":31,"column":3}}},"4":{"name":"(anonymous_4)","decl":{"start":{"line":33,"column":9},"end":{"line":33,"column":20}},"loc":{"start":{"line":33,"column":34},"end":{"line":35,"column":3}}},"5":{"name":"(anonymous_5)","decl":{"start":{"line":37,"column":9},"end":{"line":37,"column":17}},"loc":{"start":{"line":37,"column":17},"end":{"line":39,"column":3}}},"6":{"name":"(anonymous_6)","decl":{"start":{"line":41,"column":9},"end":{"line":41,"column":17}},"loc":{"start":{"line":41,"column":31},"end":{"line":43,"column":3}}},"7":{"name":"(anonymous_7)","decl":{"start":{"line":45,"column":9},"end":{"line":45,"column":20}},"loc":{"start":{"line":45,"column":20},"end":{"line":47,"column":3}}},"8":{"name":"(anonymous_8)","decl":{"start":{"line":49,"column":9},"end":{"line":49,"column":20}},"loc":{"start":{"line":49,"column":34},"end":{"line":51,"column":3}}},"9":{"name":"(anonymous_9)","decl":{"start":{"line":53,"column":9},"end":{"line":53,"column":18}},"loc":{"start":{"line":53,"column":18},"end":{"line":60,"column":3}}}},"branchMap":{},"s":{"0":2,"1":2,"2":2,"3":2,"4":2,"5":0,"6":2,"7":0,"8":0,"9":0,"10":1,"11":0,"12":1,"13":2},"f":{"0":2,"1":2,"2":0,"3":2,"4":0,"5":0,"6":0,"7":1,"8":0,"9":1},"b":{}}
,"C:\\Users\\yuzo\\Downloads\\Nova pasta (4)\\labeddit-fs-backend\\tests\\mocks\\database\\CommentDatabaseMock.ts": {"path":"C:\\Users\\yuzo\\Downloads\\Nova pasta (4)\\labeddit-fs-backend\\tests\\mocks\\database\\CommentDatabaseMock.ts","statementMap":{"0":{"start":{"line":1,"column":0},"end":{"line":1,"column":66}},"1":{"start":{"line":4,"column":34},"end":{"line":13,"column":null}},"2":{"start":{"line":15,"column":43},"end":{"line":21,"column":null}},"3":{"start":{"line":27,"column":9},"end":{"line":29,"column":null}},"4":{"start":{"line":27,"column":71},"end":{"line":29,"column":null}},"5":{"start":{"line":31,"column":9},"end":{"line":33,"column":null}},"6":{"start":{"line":31,"column":74},"end":{"line":33,"column":null}},"7":{"start":{"line":32,"column":4},"end":{"line":32,"column":null}},"8":{"start":{"line":35,"column":9},"end":{"line":37,"column":null}},"9":{"start":{"line":35,"column":73},"end":{"line":37,"column":null}},"10":{"start":{"line":36,"column":4},"end":{"line":36,"column":null}},"11":{"start":{"line":36,"column":42},"end":{"line":36,"column":59}},"12":{"start":{"line":39,"column":9},"end":{"line":41,"column":null}},"13":{"start":{"line":39,"column":71},"end":{"line":41,"column":null}},"14":{"start":{"line":43,"column":9},"end":{"line":49,"column":null}},"15":{"start":{"line":44,"column":84},"end":{"line":49,"column":null}},"16":{"start":{"line":45,"column":6},"end":{"line":48,"column":null}},"17":{"start":{"line":46,"column":8},"end":{"line":47,"column":41}},"18":{"start":{"line":51,"column":9},"end":{"line":54,"column":null}},"19":{"start":{"line":52,"column":79},"end":{"line":54,"column":null}},"20":{"start":{"line":56,"column":9},"end":{"line":59,"column":null}},"21":{"start":{"line":57,"column":79},"end":{"line":59,"column":null}},"22":{"start":{"line":61,"column":9},"end":{"line":64,"column":null}},"23":{"start":{"line":62,"column":65},"end":{"line":64,"column":null}},"24":{"start":{"line":23,"column":0},"end":{"line":23,"column":13}},"25":{"start":{"line":24,"column":16},"end":{"line":24,"column":33}},"26":{"start":{"line":25,"column":16},"end":{"line":25,"column":39}}},"fnMap":{"0":{"name":"(anonymous_7)","decl":{"start":{"line":23,"column":0},"end":{"line":23,"column":13}},"loc":{"start":{"line":23,"column":0},"end":{"line":65,"column":1}}},"1":{"name":"(anonymous_8)","decl":{"start":{"line":27,"column":25},"end":{"line":27,"column":32}},"loc":{"start":{"line":27,"column":71},"end":{"line":29,"column":null}}},"2":{"name":"(anonymous_9)","decl":{"start":{"line":27,"column":71},"end":{"line":27,"column":null}},"loc":{"start":{"line":27,"column":71},"end":{"line":29,"column":3}}},"3":{"name":"(anonymous_10)","decl":{"start":{"line":31,"column":27},"end":{"line":31,"column":34}},"loc":{"start":{"line":31,"column":74},"end":{"line":33,"column":null}}},"4":{"name":"(anonymous_11)","decl":{"start":{"line":31,"column":74},"end":{"line":31,"column":null}},"loc":{"start":{"line":31,"column":74},"end":{"line":33,"column":3}}},"5":{"name":"(anonymous_12)","decl":{"start":{"line":35,"column":20},"end":{"line":35,"column":27}},"loc":{"start":{"line":35,"column":73},"end":{"line":37,"column":null}}},"6":{"name":"(anonymous_13)","decl":{"start":{"line":35,"column":73},"end":{"line":35,"column":null}},"loc":{"start":{"line":35,"column":73},"end":{"line":37,"column":3}}},"7":{"name":"(anonymous_14)","decl":{"start":{"line":36,"column":31},"end":{"line":36,"column":38}},"loc":{"start":{"line":36,"column":42},"end":{"line":36,"column":59}}},"8":{"name":"(anonymous_15)","decl":{"start":{"line":39,"column":25},"end":{"line":39,"column":32}},"loc":{"start":{"line":39,"column":71},"end":{"line":41,"column":null}}},"9":{"name":"(anonymous_16)","decl":{"start":{"line":39,"column":71},"end":{"line":39,"column":null}},"loc":{"start":{"line":39,"column":71},"end":{"line":41,"column":3}}},"10":{"name":"(anonymous_17)","decl":{"start":{"line":44,"column":4},"end":{"line":44,"column":11}},"loc":{"start":{"line":44,"column":84},"end":{"line":49,"column":null}}},"11":{"name":"(anonymous_18)","decl":{"start":{"line":44,"column":84},"end":{"line":44,"column":null}},"loc":{"start":{"line":44,"column":84},"end":{"line":49,"column":5}}},"12":{"name":"(anonymous_19)","decl":{"start":{"line":45,"column":38},"end":{"line":45,"column":49}},"loc":{"start":{"line":46,"column":8},"end":{"line":47,"column":41}}},"13":{"name":"(anonymous_20)","decl":{"start":{"line":52,"column":6},"end":{"line":52,"column":13}},"loc":{"start":{"line":52,"column":79},"end":{"line":54,"column":null}}},"14":{"name":"(anonymous_21)","decl":{"start":{"line":52,"column":79},"end":{"line":52,"column":null}},"loc":{"start":{"line":52,"column":79},"end":{"line":54,"column":5}}},"15":{"name":"(anonymous_22)","decl":{"start":{"line":57,"column":6},"end":{"line":57,"column":13}},"loc":{"start":{"line":57,"column":79},"end":{"line":59,"column":null}}},"16":{"name":"(anonymous_23)","decl":{"start":{"line":57,"column":79},"end":{"line":57,"column":null}},"loc":{"start":{"line":57,"column":79},"end":{"line":59,"column":5}}},"17":{"name":"(anonymous_24)","decl":{"start":{"line":62,"column":6},"end":{"line":62,"column":13}},"loc":{"start":{"line":62,"column":65},"end":{"line":64,"column":null}}},"18":{"name":"(anonymous_25)","decl":{"start":{"line":62,"column":65},"end":{"line":62,"column":null}},"loc":{"start":{"line":62,"column":65},"end":{"line":64,"column":5}}}},"branchMap":{"0":{"loc":{"start":{"line":46,"column":8},"end":{"line":47,"column":41}},"type":"binary-expr","locations":[{"start":{"line":46,"column":8},"end":{"line":46,"column":44}},{"start":{"line":47,"column":11},"end":{"line":47,"column":41}}]}},"s":{"0":3,"1":3,"2":3,"3":3,"4":1,"5":3,"6":1,"7":1,"8":3,"9":1,"10":1,"11":1,"12":3,"13":1,"14":3,"15":1,"16":1,"17":1,"18":3,"19":0,"20":3,"21":1,"22":3,"23":0,"24":3,"25":3,"26":3},"f":{"0":3,"1":1,"2":1,"3":1,"4":1,"5":1,"6":1,"7":1,"8":1,"9":1,"10":1,"11":1,"12":1,"13":0,"14":0,"15":1,"16":1,"17":0,"18":0},"b":{"0":[1,1]}}
,"C:\\Users\\yuzo\\Downloads\\Nova pasta (4)\\labeddit-fs-backend\\tests\\mocks\\database\\PostDatabaseMock.ts": {"path":"C:\\Users\\yuzo\\Downloads\\Nova pasta (4)\\labeddit-fs-backend\\tests\\mocks\\database\\PostDatabaseMock.ts","statementMap":{"0":{"start":{"line":2,"column":0},"end":{"line":2,"column":66}},"1":{"start":{"line":4,"column":28},"end":{"line":13,"column":null}},"2":{"start":{"line":15,"column":37},"end":{"line":21,"column":null}},"3":{"start":{"line":27,"column":9},"end":{"line":29,"column":null}},"4":{"start":{"line":27,"column":62},"end":{"line":29,"column":null}},"5":{"start":{"line":31,"column":9},"end":{"line":33,"column":null}},"6":{"start":{"line":31,"column":50},"end":{"line":33,"column":null}},"7":{"start":{"line":32,"column":4},"end":{"line":32,"column":null}},"8":{"start":{"line":35,"column":9},"end":{"line":37,"column":null}},"9":{"start":{"line":35,"column":70},"end":{"line":37,"column":null}},"10":{"start":{"line":36,"column":4},"end":{"line":36,"column":null}},"11":{"start":{"line":36,"column":36},"end":{"line":36,"column":50}},"12":{"start":{"line":39,"column":9},"end":{"line":41,"column":null}},"13":{"start":{"line":39,"column":62},"end":{"line":41,"column":null}},"14":{"start":{"line":43,"column":9},"end":{"line":49,"column":null}},"15":{"start":{"line":44,"column":78},"end":{"line":49,"column":null}},"16":{"start":{"line":45,"column":6},"end":{"line":48,"column":null}},"17":{"start":{"line":46,"column":8},"end":{"line":47,"column":38}},"18":{"start":{"line":51,"column":9},"end":{"line":54,"column":null}},"19":{"start":{"line":52,"column":76},"end":{"line":54,"column":null}},"20":{"start":{"line":56,"column":9},"end":{"line":59,"column":null}},"21":{"start":{"line":57,"column":76},"end":{"line":59,"column":null}},"22":{"start":{"line":61,"column":9},"end":{"line":64,"column":null}},"23":{"start":{"line":62,"column":62},"end":{"line":64,"column":null}},"24":{"start":{"line":23,"column":0},"end":{"line":23,"column":13}},"25":{"start":{"line":24,"column":16},"end":{"line":24,"column":30}},"26":{"start":{"line":25,"column":16},"end":{"line":25,"column":36}}},"fnMap":{"0":{"name":"(anonymous_7)","decl":{"start":{"line":23,"column":0},"end":{"line":23,"column":13}},"loc":{"start":{"line":23,"column":0},"end":{"line":65,"column":1}}},"1":{"name":"(anonymous_8)","decl":{"start":{"line":27,"column":22},"end":{"line":27,"column":29}},"loc":{"start":{"line":27,"column":62},"end":{"line":29,"column":null}}},"2":{"name":"(anonymous_9)","decl":{"start":{"line":27,"column":62},"end":{"line":27,"column":null}},"loc":{"start":{"line":27,"column":62},"end":{"line":29,"column":3}}},"3":{"name":"(anonymous_10)","decl":{"start":{"line":31,"column":20},"end":{"line":31,"column":48}},"loc":{"start":{"line":31,"column":50},"end":{"line":33,"column":null}}},"4":{"name":"(anonymous_11)","decl":{"start":{"line":31,"column":50},"end":{"line":31,"column":null}},"loc":{"start":{"line":31,"column":50},"end":{"line":33,"column":3}}},"5":{"name":"(anonymous_12)","decl":{"start":{"line":35,"column":20},"end":{"line":35,"column":27}},"loc":{"start":{"line":35,"column":70},"end":{"line":37,"column":null}}},"6":{"name":"(anonymous_13)","decl":{"start":{"line":35,"column":70},"end":{"line":35,"column":null}},"loc":{"start":{"line":35,"column":70},"end":{"line":37,"column":3}}},"7":{"name":"(anonymous_14)","decl":{"start":{"line":36,"column":28},"end":{"line":36,"column":32}},"loc":{"start":{"line":36,"column":36},"end":{"line":36,"column":50}}},"8":{"name":"(anonymous_15)","decl":{"start":{"line":39,"column":22},"end":{"line":39,"column":29}},"loc":{"start":{"line":39,"column":62},"end":{"line":41,"column":null}}},"9":{"name":"(anonymous_16)","decl":{"start":{"line":39,"column":62},"end":{"line":39,"column":null}},"loc":{"start":{"line":39,"column":62},"end":{"line":41,"column":3}}},"10":{"name":"(anonymous_17)","decl":{"start":{"line":44,"column":4},"end":{"line":44,"column":11}},"loc":{"start":{"line":44,"column":78},"end":{"line":49,"column":null}}},"11":{"name":"(anonymous_18)","decl":{"start":{"line":44,"column":78},"end":{"line":44,"column":null}},"loc":{"start":{"line":44,"column":78},"end":{"line":49,"column":5}}},"12":{"name":"(anonymous_19)","decl":{"start":{"line":45,"column":35},"end":{"line":45,"column":43}},"loc":{"start":{"line":46,"column":8},"end":{"line":47,"column":38}}},"13":{"name":"(anonymous_20)","decl":{"start":{"line":52,"column":6},"end":{"line":52,"column":13}},"loc":{"start":{"line":52,"column":76},"end":{"line":54,"column":null}}},"14":{"name":"(anonymous_21)","decl":{"start":{"line":52,"column":76},"end":{"line":52,"column":null}},"loc":{"start":{"line":52,"column":76},"end":{"line":54,"column":5}}},"15":{"name":"(anonymous_22)","decl":{"start":{"line":57,"column":6},"end":{"line":57,"column":13}},"loc":{"start":{"line":57,"column":76},"end":{"line":59,"column":null}}},"16":{"name":"(anonymous_23)","decl":{"start":{"line":57,"column":76},"end":{"line":57,"column":null}},"loc":{"start":{"line":57,"column":76},"end":{"line":59,"column":5}}},"17":{"name":"(anonymous_24)","decl":{"start":{"line":62,"column":6},"end":{"line":62,"column":13}},"loc":{"start":{"line":62,"column":62},"end":{"line":64,"column":null}}},"18":{"name":"(anonymous_25)","decl":{"start":{"line":62,"column":62},"end":{"line":62,"column":null}},"loc":{"start":{"line":62,"column":62},"end":{"line":64,"column":5}}}},"branchMap":{"0":{"loc":{"start":{"line":46,"column":8},"end":{"line":47,"column":38}},"type":"binary-expr","locations":[{"start":{"line":46,"column":8},"end":{"line":46,"column":35}},{"start":{"line":47,"column":11},"end":{"line":47,"column":38}}]}},"s":{"0":7,"1":7,"2":7,"3":7,"4":1,"5":7,"6":1,"7":1,"8":7,"9":3,"10":3,"11":3,"12":7,"13":2,"14":7,"15":1,"16":1,"17":1,"18":7,"19":0,"20":7,"21":0,"22":7,"23":1,"24":7,"25":7,"26":7},"f":{"0":7,"1":1,"2":1,"3":1,"4":1,"5":3,"6":3,"7":3,"8":2,"9":2,"10":1,"11":1,"12":1,"13":0,"14":0,"15":0,"16":0,"17":1,"18":1},"b":{"0":[1,1]}}
,"C:\\Users\\yuzo\\Downloads\\Nova pasta (4)\\labeddit-fs-backend\\tests\\mocks\\database\\UserDatabaseMock.ts": {"path":"C:\\Users\\yuzo\\Downloads\\Nova pasta (4)\\labeddit-fs-backend\\tests\\mocks\\database\\UserDatabaseMock.ts","statementMap":{"0":{"start":{"line":2,"column":0},"end":{"line":2,"column":66}},"1":{"start":{"line":4,"column":28},"end":{"line":11,"column":null}},"2":{"start":{"line":16,"column":9},"end":{"line":18,"column":null}},"3":{"start":{"line":16,"column":76},"end":{"line":18,"column":null}},"4":{"start":{"line":17,"column":4},"end":{"line":17,"column":null}},"5":{"start":{"line":17,"column":36},"end":{"line":17,"column":56}},"6":{"start":{"line":20,"column":9},"end":{"line":22,"column":null}},"7":{"start":{"line":20,"column":58},"end":{"line":22,"column":null}},"8":{"start":{"line":21,"column":4},"end":{"line":21,"column":null}},"9":{"start":{"line":21,"column":36},"end":{"line":21,"column":50}},"10":{"start":{"line":24,"column":9},"end":{"line":26,"column":null}},"11":{"start":{"line":24,"column":62},"end":{"line":26,"column":null}},"12":{"start":{"line":13,"column":0},"end":{"line":13,"column":13}},"13":{"start":{"line":14,"column":16},"end":{"line":14,"column":30}}},"fnMap":{"0":{"name":"(anonymous_7)","decl":{"start":{"line":13,"column":0},"end":{"line":13,"column":13}},"loc":{"start":{"line":13,"column":0},"end":{"line":27,"column":1}}},"1":{"name":"(anonymous_8)","decl":{"start":{"line":16,"column":23},"end":{"line":16,"column":30}},"loc":{"start":{"line":16,"column":76},"end":{"line":18,"column":null}}},"2":{"name":"(anonymous_9)","decl":{"start":{"line":16,"column":76},"end":{"line":16,"column":null}},"loc":{"start":{"line":16,"column":76},"end":{"line":18,"column":3}}},"3":{"name":"(anonymous_10)","decl":{"start":{"line":17,"column":28},"end":{"line":17,"column":32}},"loc":{"start":{"line":17,"column":36},"end":{"line":17,"column":56}}},"4":{"name":"(anonymous_11)","decl":{"start":{"line":20,"column":20},"end":{"line":20,"column":27}},"loc":{"start":{"line":20,"column":58},"end":{"line":22,"column":null}}},"5":{"name":"(anonymous_12)","decl":{"start":{"line":20,"column":58},"end":{"line":20,"column":null}},"loc":{"start":{"line":20,"column":58},"end":{"line":22,"column":3}}},"6":{"name":"(anonymous_13)","decl":{"start":{"line":21,"column":28},"end":{"line":21,"column":32}},"loc":{"start":{"line":21,"column":36},"end":{"line":21,"column":50}}},"7":{"name":"(anonymous_14)","decl":{"start":{"line":24,"column":22},"end":{"line":24,"column":29}},"loc":{"start":{"line":24,"column":62},"end":{"line":26,"column":null}}},"8":{"name":"(anonymous_15)","decl":{"start":{"line":24,"column":62},"end":{"line":24,"column":null}},"loc":{"start":{"line":24,"column":62},"end":{"line":26,"column":3}}}},"branchMap":{},"s":{"0":9,"1":9,"2":9,"3":3,"4":3,"5":3,"6":9,"7":5,"8":5,"9":5,"10":9,"11":1,"12":9,"13":9},"f":{"0":9,"1":3,"2":3,"3":3,"4":5,"5":5,"6":5,"7":1,"8":1},"b":{}}
,"C:\\Users\\yuzo\\Downloads\\Nova pasta (4)\\labeddit-fs-backend\\tests\\mocks\\services\\HashManagerMock.ts": {"path":"C:\\Users\\yuzo\\Downloads\\Nova pasta (4)\\labeddit-fs-backend\\tests\\mocks\\services\\HashManagerMock.ts","statementMap":{"0":{"start":{"line":2,"column":11},"end":{"line":6,"column":null}},"1":{"start":{"line":4,"column":25},"end":{"line":6,"column":null}},"2":{"start":{"line":5,"column":6},"end":{"line":5,"column":null}},"3":{"start":{"line":8,"column":11},"end":{"line":19,"column":null}},"4":{"start":{"line":11,"column":26},"end":{"line":19,"column":null}},"5":{"start":{"line":12,"column":6},"end":{"line":18,"column":null}},"6":{"start":{"line":14,"column":10},"end":{"line":14,"column":null}},"7":{"start":{"line":17,"column":10},"end":{"line":17,"column":null}},"8":{"start":{"line":1,"column":0},"end":{"line":1,"column":13}}},"fnMap":{"0":{"name":"(anonymous_7)","decl":{"start":{"line":1,"column":0},"end":{"line":1,"column":13}},"loc":{"start":{"line":1,"column":0},"end":{"line":20,"column":1}}},"1":{"name":"(anonymous_8)","decl":{"start":{"line":2,"column":18},"end":{"line":2,"column":null}},"loc":{"start":{"line":4,"column":25},"end":{"line":6,"column":null}}},"2":{"name":"(anonymous_9)","decl":{"start":{"line":4,"column":25},"end":{"line":4,"column":null}},"loc":{"start":{"line":4,"column":25},"end":{"line":6,"column":5}}},"3":{"name":"(anonymous_10)","decl":{"start":{"line":8,"column":21},"end":{"line":8,"column":null}},"loc":{"start":{"line":11,"column":26},"end":{"line":19,"column":null}}},"4":{"name":"(anonymous_11)","decl":{"start":{"line":11,"column":26},"end":{"line":11,"column":null}},"loc":{"start":{"line":11,"column":26},"end":{"line":19,"column":5}}}},"branchMap":{"0":{"loc":{"start":{"line":12,"column":6},"end":{"line":18,"column":null}},"type":"switch","locations":[{"start":{"line":13,"column":8},"end":{"line":14,"column":null}},{"start":{"line":16,"column":8},"end":{"line":17,"column":null}}]}},"s":{"0":2,"1":1,"2":1,"3":2,"4":1,"5":1,"6":1,"7":0,"8":2},"f":{"0":2,"1":1,"2":1,"3":1,"4":1},"b":{"0":[1,0]}}
,"C:\\Users\\yuzo\\Downloads\\Nova pasta (4)\\labeddit-fs-backend\\tests\\mocks\\services\\IdGeneratorMock.ts": {"path":"C:\\Users\\yuzo\\Downloads\\Nova pasta (4)\\labeddit-fs-backend\\tests\\mocks\\services\\IdGeneratorMock.ts","statementMap":{"0":{"start":{"line":2,"column":11},"end":{"line":4,"column":null}},"1":{"start":{"line":3,"column":8},"end":{"line":3,"column":null}},"2":{"start":{"line":1,"column":0},"end":{"line":1,"column":13}}},"fnMap":{"0":{"name":"(anonymous_0)","decl":{"start":{"line":1,"column":0},"end":{"line":1,"column":13}},"loc":{"start":{"line":1,"column":0},"end":{"line":5,"column":1}}},"1":{"name":"(anonymous_1)","decl":{"start":{"line":2,"column":22},"end":{"line":2,"column":33}},"loc":{"start":{"line":2,"column":35},"end":{"line":4,"column":5}}}},"branchMap":{},"s":{"0":9,"1":3,"2":9},"f":{"0":9,"1":3},"b":{}}
,"C:\\Users\\yuzo\\Downloads\\Nova pasta (4)\\labeddit-fs-backend\\tests\\mocks\\services\\TokenManagerMock.ts": {"path":"C:\\Users\\yuzo\\Downloads\\Nova pasta (4)\\labeddit-fs-backend\\tests\\mocks\\services\\TokenManagerMock.ts","statementMap":{"0":{"start":{"line":4,"column":9},"end":{"line":10,"column":null}},"1":{"start":{"line":5,"column":4},"end":{"line":9,"column":null}},"2":{"start":{"line":6,"column":6},"end":{"line":6,"column":null}},"3":{"start":{"line":8,"column":6},"end":{"line":8,"column":null}},"4":{"start":{"line":12,"column":9},"end":{"line":21,"column":null}},"5":{"start":{"line":13,"column":4},"end":{"line":20,"column":null}},"6":{"start":{"line":14,"column":6},"end":{"line":17,"column":null}},"7":{"start":{"line":19,"column":6},"end":{"line":19,"column":null}},"8":{"start":{"line":3,"column":0},"end":{"line":3,"column":13}}},"fnMap":{"0":{"name":"(anonymous_0)","decl":{"start":{"line":3,"column":0},"end":{"line":3,"column":13}},"loc":{"start":{"line":3,"column":0},"end":{"line":22,"column":1}}},"1":{"name":"(anonymous_1)","decl":{"start":{"line":4,"column":23},"end":{"line":4,"column":24}},"loc":{"start":{"line":4,"column":57},"end":{"line":10,"column":3}}},"2":{"name":"(anonymous_2)","decl":{"start":{"line":12,"column":22},"end":{"line":12,"column":23}},"loc":{"start":{"line":12,"column":61},"end":{"line":21,"column":3}}}},"branchMap":{"0":{"loc":{"start":{"line":5,"column":4},"end":{"line":9,"column":null}},"type":"if","locations":[{"start":{"line":5,"column":4},"end":{"line":9,"column":null}},{"start":{"line":7,"column":11},"end":{"line":9,"column":null}}]},"1":{"loc":{"start":{"line":13,"column":4},"end":{"line":20,"column":null}},"type":"if","locations":[{"start":{"line":13,"column":4},"end":{"line":20,"column":null}},{"start":{"line":18,"column":11},"end":{"line":20,"column":null}}]}},"s":{"0":9,"1":2,"2":1,"3":1,"4":9,"5":11,"6":7,"7":4,"8":9},"f":{"0":9,"1":2,"2":11},"b":{"0":[1,1],"1":[7,4]}}
}
