TN:
SF:src\business\CommentBusiness.ts
FN:15,(anonymous_7)
FN:24,(anonymous_8)
FN:24,(anonymous_9)
FN:71,(anonymous_10)
FN:71,(anonymous_11)
FN:105,(anonymous_12)
FN:105,(anonymous_13)
FNF:7
FNH:7
FNDA:3,(anonymous_7)
FNDA:2,(anonymous_8)
FNDA:2,(anonymous_9)
FNDA:1,(anonymous_10)
FNDA:1,(anonymous_11)
FNDA:2,(anonymous_12)
FNDA:2,(anonymous_13)
DA:7,3
DA:8,3
DA:9,3
DA:10,3
DA:14,3
DA:16,3
DA:17,3
DA:18,3
DA:19,3
DA:20,3
DA:23,3
DA:24,2
DA:26,2
DA:28,2
DA:29,2
DA:30,1
DA:33,1
DA:35,1
DA:36,0
DA:39,1
DA:41,1
DA:51,1
DA:53,1
DA:63,1
DA:64,1
DA:66,1
DA:67,1
DA:70,3
DA:71,1
DA:73,1
DA:75,1
DA:76,1
DA:77,0
DA:80,1
DA:82,1
DA:84,1
DA:85,1
DA:87,1
DA:97,1
DA:100,1
DA:101,1
DA:104,3
DA:105,2
DA:107,2
DA:109,2
DA:110,2
DA:111,1
DA:114,1
DA:116,1
DA:117,0
DA:120,1
DA:122,1
DA:132,1
DA:134,1
DA:137,1
DA:138,1
DA:139,0
DA:140,0
DA:141,0
DA:143,0
DA:144,0
DA:145,0
DA:150,1
DA:151,1
DA:152,1
DA:153,1
DA:155,0
DA:156,0
DA:160,1
DA:163,0
DA:164,0
DA:165,0
DA:168,1
DA:169,1
LF:74
LH:60
BRDA:29,0,0,1
BRDA:35,1,0,0
BRDA:76,2,0,0
BRDA:110,3,0,1
BRDA:116,4,0,0
BRDA:132,5,0,1
BRDA:132,5,1,0
BRDA:137,6,0,1
BRDA:137,6,1,0
BRDA:138,7,0,0
BRDA:138,7,1,1
BRDA:139,8,0,0
BRDA:139,8,1,0
BRDA:150,9,0,1
BRDA:150,9,1,0
BRDA:163,10,0,0
BRDA:163,10,1,0
BRF:17
BRH:6
end_of_record
TN:
SF:src\business\PostBusiness.ts
FN:14,(anonymous_7)
FN:22,(anonymous_8)
FN:22,(anonymous_9)
FN:49,(anonymous_10)
FN:49,(anonymous_11)
FN:83,(anonymous_12)
FN:83,(anonymous_13)
FN:115,(anonymous_14)
FN:115,(anonymous_15)
FNF:9
FNH:9
FNDA:4,(anonymous_7)
FNDA:2,(anonymous_8)
FNDA:2,(anonymous_9)
FNDA:1,(anonymous_10)
FNDA:1,(anonymous_11)
FNDA:1,(anonymous_12)
FNDA:1,(anonymous_13)
FNDA:2,(anonymous_14)
FNDA:2,(anonymous_15)
DA:7,4
DA:8,4
DA:9,4
DA:13,4
DA:15,4
DA:16,4
DA:17,4
DA:18,4
DA:21,4
DA:22,2
DA:23,2
DA:25,2
DA:26,2
DA:27,1
DA:30,1
DA:32,1
DA:42,1
DA:44,1
DA:45,1
DA:48,4
DA:49,1
DA:51,1
DA:53,1
DA:54,1
DA:55,0
DA:58,1
DA:60,1
DA:62,1
DA:63,1
DA:65,1
DA:75,1
DA:78,1
DA:79,1
DA:82,4
DA:83,1
DA:85,1
DA:87,1
DA:88,1
DA:89,0
DA:92,1
DA:94,1
DA:95,0
DA:98,1
DA:100,1
DA:110,1
DA:111,1
DA:114,4
DA:115,2
DA:117,2
DA:119,2
DA:120,2
DA:121,1
DA:124,1
DA:126,1
DA:127,0
DA:130,1
DA:132,1
DA:142,1
DA:144,1
DA:146,1
DA:147,1
DA:148,1
DA:149,1
DA:150,1
DA:152,0
DA:153,0
DA:154,0
DA:158,0
DA:159,0
DA:160,0
DA:161,0
DA:163,0
DA:164,0
DA:168,1
DA:171,0
DA:172,0
DA:173,0
DA:176,1
DA:177,1
LF:79
LH:63
BRDA:26,0,0,1
BRDA:54,1,0,0
BRDA:88,2,0,0
BRDA:94,3,0,0
BRDA:120,4,0,1
BRDA:126,5,0,0
BRDA:142,6,0,1
BRDA:142,6,1,0
BRDA:146,7,0,1
BRDA:146,7,1,0
BRDA:147,8,0,1
BRDA:147,8,1,0
BRDA:148,9,0,1
BRDA:148,9,1,0
BRDA:158,10,0,0
BRDA:158,10,1,0
BRDA:171,11,0,0
BRDA:171,11,1,0
BRF:18
BRH:6
end_of_record
TN:
SF:src\business\UserBusiness.ts
FN:13,(anonymous_7)
FN:20,(anonymous_8)
FN:20,(anonymous_9)
FN:56,(anonymous_10)
FN:56,(anonymous_11)
FNF:5
FNH:5
FNDA:2,(anonymous_7)
FNDA:2,(anonymous_8)
FNDA:2,(anonymous_9)
FNDA:1,(anonymous_10)
FNDA:1,(anonymous_11)
DA:4,2
DA:5,2
DA:6,2
DA:7,2
DA:12,2
DA:14,2
DA:15,2
DA:16,2
DA:17,2
DA:20,2
DA:22,2
DA:24,2
DA:26,2
DA:27,1
DA:30,1
DA:31,1
DA:33,1
DA:40,1
DA:42,1
DA:47,1
DA:49,1
DA:53,1
DA:56,2
DA:58,1
DA:60,1
DA:62,1
DA:63,0
DA:66,1
DA:73,1
DA:76,1
DA:77,0
DA:80,1
DA:85,1
DA:87,1
DA:91,1
LF:35
LH:33
BRDA:26,0,0,1
BRDA:62,1,0,0
BRDA:76,2,0,0
BRF:3
BRH:1
end_of_record
TN:
SF:src\database\BaseDatabase.ts
FN:16,(anonymous_1)
FNF:1
FNH:0
FNDA:0,(anonymous_1)
DA:1,9
DA:2,9
DA:4,9
DA:6,9
DA:7,9
DA:17,0
LF:6
LH:5
BRF:0
BRH:0
end_of_record
TN:
SF:src\dtos\comment\createComment.dto.ts
FN:15,(anonymous_1)
FNF:1
FNH:1
FNDA:2,(anonymous_1)
DA:1,1
DA:11,1
DA:15,2
LF:3
LH:3
BRF:0
BRH:0
end_of_record
TN:
SF:src\dtos\comment\getComments.dto.ts
FN:14,(anonymous_1)
FNF:1
FNH:1
FNDA:1,(anonymous_1)
DA:1,1
DA:11,1
DA:14,1
LF:3
LH:3
BRF:0
BRH:0
end_of_record
TN:
SF:src\dtos\comment\voteComment.dto.ts
FN:15,(anonymous_1)
FNF:1
FNH:1
FNDA:2,(anonymous_1)
DA:1,1
DA:11,1
DA:15,2
LF:3
LH:3
BRF:0
BRH:0
end_of_record
TN:
SF:src\dtos\post\createPost.dto.ts
FN:13,(anonymous_1)
FNF:1
FNH:1
FNDA:2,(anonymous_1)
DA:1,1
DA:10,1
DA:13,2
LF:3
LH:3
BRF:0
BRH:0
end_of_record
TN:
SF:src\dtos\post\getPostById.dto.ts
FN:14,(anonymous_1)
FNF:1
FNH:1
FNDA:1,(anonymous_1)
DA:1,1
DA:11,1
DA:14,1
LF:3
LH:3
BRF:0
BRH:0
end_of_record
TN:
SF:src\dtos\post\getPosts.dto.ts
FN:12,(anonymous_1)
FNF:1
FNH:1
FNDA:1,(anonymous_1)
DA:1,1
DA:10,1
DA:12,1
LF:3
LH:3
BRF:0
BRH:0
end_of_record
TN:
SF:src\dtos\post\votePost.dto.ts
FN:15,(anonymous_1)
FNF:1
FNH:1
FNDA:2,(anonymous_1)
DA:1,1
DA:11,1
DA:15,2
LF:3
LH:3
BRF:0
BRH:0
end_of_record
TN:
SF:src\dtos\user\login.dto.ts
FN:15,(anonymous_1)
FNF:1
FNH:1
FNDA:1,(anonymous_1)
DA:1,1
DA:12,1
DA:15,1
LF:3
LH:3
BRF:0
BRH:0
end_of_record
TN:
SF:src\dtos\user\signup.dto.ts
FN:17,(anonymous_1)
FNF:1
FNH:1
FNDA:2,(anonymous_1)
DA:1,1
DA:13,1
DA:17,2
LF:3
LH:3
BRF:0
BRH:0
end_of_record
TN:
SF:src\errors\BadRequestError.ts
FN:4,(anonymous_0)
FNF:1
FNH:0
FNDA:0,(anonymous_0)
DA:1,2
DA:3,2
DA:7,0
LF:3
LH:2
BRDA:5,0,0,0
BRF:1
BRH:0
end_of_record
TN:
SF:src\errors\BaseError.ts
FN:2,(anonymous_0)
FNF:1
FNH:1
FNDA:5,(anonymous_0)
DA:1,9
DA:3,5
DA:6,5
LF:3
LH:3
BRF:0
BRH:0
end_of_record
TN:
SF:src\errors\ConflictError.ts
FN:4,(anonymous_0)
FNF:1
FNH:1
FNDA:1,(anonymous_0)
DA:1,2
DA:3,2
DA:7,1
LF:3
LH:3
BRDA:5,0,0,0
BRF:1
BRH:0
end_of_record
TN:
SF:src\errors\NotFoundError.ts
FN:4,(anonymous_0)
FNF:1
FNH:0
FNDA:0,(anonymous_0)
DA:1,9
DA:3,9
DA:7,0
LF:3
LH:2
BRDA:5,0,0,0
BRF:1
BRH:0
end_of_record
TN:
SF:src\errors\UnauthorizedError.ts
FN:4,(anonymous_0)
FNF:1
FNH:1
FNDA:4,(anonymous_0)
DA:1,7
DA:3,7
DA:7,4
LF:3
LH:3
BRDA:5,0,0,0
BRF:1
BRH:0
end_of_record
TN:
SF:src\models\Comment.ts
FN:29,(anonymous_0)
FN:39,(anonymous_1)
FN:43,(anonymous_2)
FN:47,(anonymous_3)
FN:51,(anonymous_4)
FN:55,(anonymous_5)
FN:59,(anonymous_6)
FN:63,(anonymous_7)
FN:67,(anonymous_8)
FN:71,(anonymous_9)
FN:75,(anonymous_10)
FN:79,(anonymous_11)
FN:83,(anonymous_12)
FN:87,(anonymous_13)
FN:91,(anonymous_14)
FN:95,(anonymous_15)
FN:99,(anonymous_16)
FN:103,(anonymous_17)
FN:114,(anonymous_18)
FNF:19
FNH:4
FNDA:3,(anonymous_0)
FNDA:0,(anonymous_1)
FNDA:0,(anonymous_2)
FNDA:0,(anonymous_3)
FNDA:0,(anonymous_4)
FNDA:0,(anonymous_5)
FNDA:0,(anonymous_6)
FNDA:0,(anonymous_7)
FNDA:0,(anonymous_8)
FNDA:2,(anonymous_9)
FNDA:0,(anonymous_10)
FNDA:0,(anonymous_11)
FNDA:0,(anonymous_12)
FNDA:0,(anonymous_13)
FNDA:0,(anonymous_14)
FNDA:0,(anonymous_15)
FNDA:0,(anonymous_16)
FNDA:2,(anonymous_17)
FNDA:1,(anonymous_18)
DA:28,3
DA:30,3
DA:31,3
DA:32,3
DA:33,3
DA:34,3
DA:35,3
DA:36,3
DA:40,0
DA:44,0
DA:48,0
DA:52,0
DA:56,0
DA:60,0
DA:64,0
DA:68,0
DA:72,2
DA:76,0
DA:80,0
DA:84,0
DA:88,0
DA:92,0
DA:96,0
DA:100,0
DA:104,2
DA:115,1
LF:26
LH:11
BRF:0
BRH:0
end_of_record
TN:
SF:src\models\Post.ts
FN:29,(anonymous_0)
FN:39,(anonymous_1)
FN:43,(anonymous_2)
FN:47,(anonymous_3)
FN:51,(anonymous_4)
FN:55,(anonymous_5)
FN:59,(anonymous_6)
FN:63,(anonymous_7)
FN:67,(anonymous_8)
FN:71,(anonymous_9)
FN:75,(anonymous_10)
FN:79,(anonymous_11)
FN:83,(anonymous_12)
FN:87,(anonymous_13)
FN:91,(anonymous_14)
FN:95,(anonymous_15)
FN:99,(anonymous_16)
FN:103,(anonymous_17)
FN:107,(anonymous_18)
FN:111,(anonymous_19)
FN:122,(anonymous_20)
FNF:21
FNH:5
FNDA:5,(anonymous_0)
FNDA:0,(anonymous_1)
FNDA:0,(anonymous_2)
FNDA:0,(anonymous_3)
FNDA:0,(anonymous_4)
FNDA:0,(anonymous_5)
FNDA:0,(anonymous_6)
FNDA:0,(anonymous_7)
FNDA:0,(anonymous_8)
FNDA:0,(anonymous_9)
FNDA:1,(anonymous_10)
FNDA:1,(anonymous_11)
FNDA:0,(anonymous_12)
FNDA:0,(anonymous_13)
FNDA:0,(anonymous_14)
FNDA:0,(anonymous_15)
FNDA:0,(anonymous_16)
FNDA:0,(anonymous_17)
FNDA:0,(anonymous_18)
FNDA:3,(anonymous_19)
FNDA:2,(anonymous_20)
DA:28,7
DA:30,5
DA:31,5
DA:32,5
DA:33,5
DA:34,5
DA:35,5
DA:36,5
DA:40,0
DA:44,0
DA:48,0
DA:52,0
DA:56,0
DA:60,0
DA:64,0
DA:68,0
DA:72,0
DA:76,1
DA:80,1
DA:84,0
DA:88,0
DA:92,0
DA:96,0
DA:100,0
DA:104,0
DA:108,0
DA:112,3
DA:123,2
LF:28
LH:12
BRF:0
BRH:0
end_of_record
TN:
SF:src\models\User.ts
FN:14,(anonymous_0)
FN:21,(anonymous_1)
FN:25,(anonymous_2)
FN:29,(anonymous_3)
FN:33,(anonymous_4)
FN:37,(anonymous_5)
FN:41,(anonymous_6)
FN:45,(anonymous_7)
FN:49,(anonymous_8)
FN:53,(anonymous_9)
FNF:10
FNH:5
FNDA:2,(anonymous_0)
FNDA:2,(anonymous_1)
FNDA:0,(anonymous_2)
FNDA:2,(anonymous_3)
FNDA:0,(anonymous_4)
FNDA:0,(anonymous_5)
FNDA:0,(anonymous_6)
FNDA:1,(anonymous_7)
FNDA:0,(anonymous_8)
FNDA:1,(anonymous_9)
DA:13,2
DA:15,2
DA:16,2
DA:17,2
DA:18,2
DA:22,2
DA:26,0
DA:30,2
DA:34,0
DA:38,0
DA:42,0
DA:46,1
DA:50,0
DA:54,1
LF:14
LH:9
BRF:0
BRH:0
end_of_record
TN:
SF:tests\mocks\database\CommentDatabaseMock.ts
FN:23,(anonymous_7)
FN:27,(anonymous_8)
FN:27,(anonymous_9)
FN:31,(anonymous_10)
FN:31,(anonymous_11)
FN:35,(anonymous_12)
FN:35,(anonymous_13)
FN:36,(anonymous_14)
FN:39,(anonymous_15)
FN:39,(anonymous_16)
FN:44,(anonymous_17)
FN:44,(anonymous_18)
FN:45,(anonymous_19)
FN:52,(anonymous_20)
FN:52,(anonymous_21)
FN:57,(anonymous_22)
FN:57,(anonymous_23)
FN:62,(anonymous_24)
FN:62,(anonymous_25)
FNF:19
FNH:15
FNDA:3,(anonymous_7)
FNDA:1,(anonymous_8)
FNDA:1,(anonymous_9)
FNDA:1,(anonymous_10)
FNDA:1,(anonymous_11)
FNDA:1,(anonymous_12)
FNDA:1,(anonymous_13)
FNDA:1,(anonymous_14)
FNDA:1,(anonymous_15)
FNDA:1,(anonymous_16)
FNDA:1,(anonymous_17)
FNDA:1,(anonymous_18)
FNDA:1,(anonymous_19)
FNDA:0,(anonymous_20)
FNDA:0,(anonymous_21)
FNDA:1,(anonymous_22)
FNDA:1,(anonymous_23)
FNDA:0,(anonymous_24)
FNDA:0,(anonymous_25)
DA:1,3
DA:4,3
DA:15,3
DA:23,3
DA:24,3
DA:25,3
DA:27,3
DA:31,3
DA:32,1
DA:35,3
DA:36,1
DA:39,3
DA:43,3
DA:44,1
DA:45,1
DA:46,1
DA:51,3
DA:52,0
DA:56,3
DA:57,1
DA:61,3
DA:62,0
LF:22
LH:20
BRDA:46,0,0,1
BRDA:46,0,1,1
BRF:2
BRH:2
end_of_record
TN:
SF:tests\mocks\database\PostDatabaseMock.ts
FN:23,(anonymous_7)
FN:27,(anonymous_8)
FN:27,(anonymous_9)
FN:31,(anonymous_10)
FN:31,(anonymous_11)
FN:35,(anonymous_12)
FN:35,(anonymous_13)
FN:36,(anonymous_14)
FN:39,(anonymous_15)
FN:39,(anonymous_16)
FN:44,(anonymous_17)
FN:44,(anonymous_18)
FN:45,(anonymous_19)
FN:52,(anonymous_20)
FN:52,(anonymous_21)
FN:57,(anonymous_22)
FN:57,(anonymous_23)
FN:62,(anonymous_24)
FN:62,(anonymous_25)
FNF:19
FNH:15
FNDA:7,(anonymous_7)
FNDA:1,(anonymous_8)
FNDA:1,(anonymous_9)
FNDA:1,(anonymous_10)
FNDA:1,(anonymous_11)
FNDA:3,(anonymous_12)
FNDA:3,(anonymous_13)
FNDA:3,(anonymous_14)
FNDA:2,(anonymous_15)
FNDA:2,(anonymous_16)
FNDA:1,(anonymous_17)
FNDA:1,(anonymous_18)
FNDA:1,(anonymous_19)
FNDA:0,(anonymous_20)
FNDA:0,(anonymous_21)
FNDA:0,(anonymous_22)
FNDA:0,(anonymous_23)
FNDA:1,(anonymous_24)
FNDA:1,(anonymous_25)
DA:2,7
DA:4,7
DA:15,7
DA:23,7
DA:24,7
DA:25,7
DA:27,7
DA:31,7
DA:32,1
DA:35,7
DA:36,3
DA:39,7
DA:43,7
DA:44,1
DA:45,1
DA:46,1
DA:51,7
DA:52,0
DA:56,7
DA:57,0
DA:61,7
DA:62,1
LF:22
LH:20
BRDA:46,0,0,1
BRDA:46,0,1,1
BRF:2
BRH:2
end_of_record
TN:
SF:tests\mocks\database\UserDatabaseMock.ts
FN:13,(anonymous_7)
FN:16,(anonymous_8)
FN:16,(anonymous_9)
FN:17,(anonymous_10)
FN:20,(anonymous_11)
FN:20,(anonymous_12)
FN:21,(anonymous_13)
FN:24,(anonymous_14)
FN:24,(anonymous_15)
FNF:9
FNH:9
FNDA:9,(anonymous_7)
FNDA:3,(anonymous_8)
FNDA:3,(anonymous_9)
FNDA:3,(anonymous_10)
FNDA:5,(anonymous_11)
FNDA:5,(anonymous_12)
FNDA:5,(anonymous_13)
FNDA:1,(anonymous_14)
FNDA:1,(anonymous_15)
DA:2,9
DA:4,9
DA:13,9
DA:14,9
DA:16,9
DA:17,3
DA:20,9
DA:21,5
DA:24,9
LF:9
LH:9
BRF:0
BRH:0
end_of_record
TN:
SF:tests\mocks\services\HashManagerMock.ts
FN:1,(anonymous_7)
FN:2,(anonymous_8)
FN:4,(anonymous_9)
FN:8,(anonymous_10)
FN:11,(anonymous_11)
FNF:5
FNH:5
FNDA:2,(anonymous_7)
FNDA:1,(anonymous_8)
FNDA:1,(anonymous_9)
FNDA:1,(anonymous_10)
FNDA:1,(anonymous_11)
DA:1,2
DA:2,2
DA:4,1
DA:5,1
DA:8,2
DA:11,1
DA:12,1
DA:14,1
DA:17,0
LF:9
LH:8
BRDA:12,0,0,1
BRDA:12,0,1,0
BRF:2
BRH:1
end_of_record
TN:
SF:tests\mocks\services\IdGeneratorMock.ts
FN:1,(anonymous_0)
FN:2,(anonymous_1)
FNF:2
FNH:2
FNDA:9,(anonymous_0)
FNDA:3,(anonymous_1)
DA:1,9
DA:2,9
DA:3,3
LF:3
LH:3
BRF:0
BRH:0
end_of_record
TN:
SF:tests\mocks\services\TokenManagerMock.ts
FN:3,(anonymous_0)
FN:4,(anonymous_1)
FN:12,(anonymous_2)
FNF:3
FNH:3
FNDA:9,(anonymous_0)
FNDA:2,(anonymous_1)
FNDA:11,(anonymous_2)
DA:3,9
DA:4,9
DA:5,2
DA:6,1
DA:8,1
DA:12,9
DA:13,11
DA:14,7
DA:19,4
LF:9
LH:9
BRDA:5,0,0,1
BRDA:5,0,1,1
BRDA:13,1,0,7
BRDA:13,1,1,4
BRF:4
BRH:4
end_of_record
